{"/Users/samhessenauer/Documents/Software/git/MatryxExplorer/server.js":{"path":"/Users/samhessenauer/Documents/Software/git/MatryxExplorer/server.js","s":{"1":1,"2":1,"3":1,"4":1,"5":1},"b":{"1":[1,1]},"f":{},"fnMap":{},"statementMap":{"1":{"start":{"line":1,"column":0},"end":{"line":1,"column":28}},"2":{"start":{"line":2,"column":0},"end":{"line":2,"column":28}},"3":{"start":{"line":4,"column":0},"end":{"line":4,"column":37}},"4":{"start":{"line":5,"column":0},"end":{"line":5,"column":37}},"5":{"start":{"line":7,"column":0},"end":{"line":7,"column":19}}},"branchMap":{"1":{"line":4,"type":"binary-expr","locations":[{"start":{"line":4,"column":13},"end":{"line":4,"column":29}},{"start":{"line":4,"column":33},"end":{"line":4,"column":37}}]}}},"/Users/samhessenauer/Documents/Software/git/MatryxExplorer/app.js":{"path":"/Users/samhessenauer/Documents/Software/git/MatryxExplorer/app.js","s":{"1":1,"2":1,"3":1,"4":1,"5":1,"6":1,"7":1,"8":1,"9":1,"10":1,"11":1,"12":1,"13":1,"14":1,"15":1,"16":1,"17":1,"18":1,"19":1,"20":1,"21":1,"22":1,"23":1,"24":1,"25":1,"26":1,"27":1,"28":1,"29":1,"30":1,"31":1,"32":1,"33":1,"34":1,"35":1,"36":1,"37":1,"38":1,"39":1,"40":1,"41":0,"42":0,"43":0,"44":1,"45":0,"46":0,"47":1},"b":{"1":[0,0]},"f":{},"fnMap":{},"statementMap":{"1":{"start":{"line":1,"column":0},"end":{"line":1,"column":34}},"2":{"start":{"line":2,"column":0},"end":{"line":2,"column":42}},"3":{"start":{"line":3,"column":0},"end":{"line":3,"column":21}},"4":{"start":{"line":4,"column":0},"end":{"line":4,"column":32}},"5":{"start":{"line":5,"column":0},"end":{"line":5,"column":41}},"6":{"start":{"line":6,"column":0},"end":{"line":6,"column":28}},"7":{"start":{"line":7,"column":0},"end":{"line":7,"column":26}},"8":{"start":{"line":10,"column":0},"end":{"line":10,"column":78}},"9":{"start":{"line":11,"column":0},"end":{"line":11,"column":64}},"10":{"start":{"line":13,"column":0},"end":{"line":13,"column":55}},"11":{"start":{"line":14,"column":0},"end":{"line":14,"column":60}},"12":{"start":{"line":15,"column":0},"end":{"line":15,"column":50}},"13":{"start":{"line":16,"column":0},"end":{"line":16,"column":60}},"14":{"start":{"line":17,"column":0},"end":{"line":17,"column":55}},"15":{"start":{"line":18,"column":0},"end":{"line":18,"column":49}},"16":{"start":{"line":19,"column":0},"end":{"line":19,"column":47}},"17":{"start":{"line":22,"column":0},"end":{"line":22,"column":56}},"18":{"start":{"line":23,"column":0},"end":{"line":23,"column":61}},"19":{"start":{"line":24,"column":0},"end":{"line":24,"column":51}},"20":{"start":{"line":25,"column":0},"end":{"line":25,"column":56}},"21":{"start":{"line":26,"column":0},"end":{"line":26,"column":61}},"22":{"start":{"line":29,"column":0},"end":{"line":29,"column":22}},"23":{"start":{"line":30,"column":0},"end":{"line":30,"column":22}},"24":{"start":{"line":31,"column":0},"end":{"line":31,"column":51}},"25":{"start":{"line":32,"column":0},"end":{"line":32,"column":26}},"26":{"start":{"line":33,"column":0},"end":{"line":33,"column":15}},"27":{"start":{"line":35,"column":0},"end":{"line":35,"column":36}},"28":{"start":{"line":36,"column":0},"end":{"line":36,"column":41}},"29":{"start":{"line":37,"column":0},"end":{"line":37,"column":31}},"30":{"start":{"line":38,"column":0},"end":{"line":38,"column":41}},"31":{"start":{"line":39,"column":0},"end":{"line":39,"column":36}},"32":{"start":{"line":40,"column":0},"end":{"line":40,"column":30}},"33":{"start":{"line":41,"column":0},"end":{"line":41,"column":28}},"34":{"start":{"line":44,"column":0},"end":{"line":44,"column":48}},"35":{"start":{"line":45,"column":0},"end":{"line":45,"column":53}},"36":{"start":{"line":46,"column":0},"end":{"line":46,"column":43}},"37":{"start":{"line":47,"column":0},"end":{"line":47,"column":48}},"38":{"start":{"line":48,"column":0},"end":{"line":48,"column":53}},"39":{"start":{"line":50,"column":0},"end":{"line":50,"column":34}},"40":{"start":{"line":54,"column":0},"end":{"line":58,"column":2}},"41":{"start":{"line":55,"column":2},"end":{"line":55,"column":38}},"42":{"start":{"line":56,"column":2},"end":{"line":56,"column":20}},"43":{"start":{"line":57,"column":2},"end":{"line":57,"column":13}},"44":{"start":{"line":60,"column":0},"end":{"line":67,"column":2}},"45":{"start":{"line":61,"column":2},"end":{"line":61,"column":33}},"46":{"start":{"line":62,"column":2},"end":{"line":66,"column":4}},"47":{"start":{"line":69,"column":0},"end":{"line":69,"column":20}}},"branchMap":{"1":{"line":61,"type":"binary-expr","locations":[{"start":{"line":61,"column":13},"end":{"line":61,"column":25}},{"start":{"line":61,"column":29},"end":{"line":61,"column":32}}]}}},"/Users/samhessenauer/Documents/Software/git/MatryxExplorer/api/controllers/gateway/externalApiCalls.js":{"path":"/Users/samhessenauer/Documents/Software/git/MatryxExplorer/api/controllers/gateway/externalApiCalls.js","s":{"1":1,"2":1,"3":1,"4":1,"5":1,"6":1,"7":0,"8":0,"9":1,"10":0,"11":0,"12":1,"13":1,"14":0,"15":0,"16":0,"17":0,"18":1,"19":0,"20":0,"21":0,"22":0,"23":0,"24":0,"25":0,"26":0,"27":0,"28":0,"29":0,"30":0,"31":0,"32":0,"33":1,"34":0,"35":0,"36":0,"37":0,"38":0,"39":0,"40":0,"41":0,"42":0,"43":0,"44":0,"45":0,"46":0,"47":1,"48":1,"49":1,"50":0,"51":1,"52":0,"53":0,"54":1,"55":1,"56":0,"57":0,"58":0,"59":0,"60":1,"61":1,"62":1,"63":0,"64":1,"65":0,"66":0,"67":1,"68":1,"69":0,"70":0,"71":0,"72":0,"73":1,"74":1,"75":1,"76":0,"77":1,"78":0,"79":0,"80":1,"81":1,"82":0,"83":0,"84":0,"85":0,"86":1,"87":0,"88":0,"89":0,"90":0,"91":0,"92":0,"93":0,"94":1},"b":{"1":[0,1],"2":[0,1],"3":[0,0],"4":[0,0],"5":[0,0],"6":[0,0],"7":[0,1],"8":[0,1],"9":[0,1],"10":[0,1],"11":[0,1],"12":[0,1]},"f":{"1":1,"2":0,"3":0,"4":0,"5":0,"6":0,"7":0,"8":0,"9":0,"10":1,"11":0,"12":0,"13":1,"14":0,"15":0,"16":1,"17":0,"18":0,"19":0,"20":0},"fnMap":{"1":{"name":"(anonymous_1)","line":14,"loc":{"start":{"line":14,"column":41},"end":{"line":14,"column":59}}},"2":{"name":"(anonymous_2)","line":26,"loc":{"start":{"line":26,"column":39},"end":{"line":26,"column":57}}},"3":{"name":"(anonymous_3)","line":31,"loc":{"start":{"line":31,"column":15},"end":{"line":31,"column":30}}},"4":{"name":"(anonymous_4)","line":38,"loc":{"start":{"line":38,"column":44},"end":{"line":38,"column":62}}},"5":{"name":"(anonymous_5)","line":50,"loc":{"start":{"line":50,"column":37},"end":{"line":50,"column":55}}},"6":{"name":"(anonymous_6)","line":56,"loc":{"start":{"line":56,"column":13},"end":{"line":56,"column":28}}},"7":{"name":"(anonymous_7)","line":62,"loc":{"start":{"line":62,"column":40},"end":{"line":62,"column":58}}},"8":{"name":"(anonymous_8)","line":74,"loc":{"start":{"line":74,"column":37},"end":{"line":74,"column":55}}},"9":{"name":"(anonymous_9)","line":78,"loc":{"start":{"line":78,"column":13},"end":{"line":78,"column":28}}},"10":{"name":"(anonymous_10)","line":84,"loc":{"start":{"line":84,"column":42},"end":{"line":84,"column":60}}},"11":{"name":"(anonymous_11)","line":95,"loc":{"start":{"line":95,"column":41},"end":{"line":95,"column":59}}},"12":{"name":"(anonymous_12)","line":99,"loc":{"start":{"line":99,"column":15},"end":{"line":99,"column":30}}},"13":{"name":"(anonymous_13)","line":106,"loc":{"start":{"line":106,"column":42},"end":{"line":106,"column":60}}},"14":{"name":"(anonymous_14)","line":117,"loc":{"start":{"line":117,"column":41},"end":{"line":117,"column":59}}},"15":{"name":"(anonymous_15)","line":121,"loc":{"start":{"line":121,"column":15},"end":{"line":121,"column":30}}},"16":{"name":"(anonymous_16)","line":128,"loc":{"start":{"line":128,"column":37},"end":{"line":128,"column":55}}},"17":{"name":"(anonymous_17)","line":139,"loc":{"start":{"line":139,"column":36},"end":{"line":139,"column":54}}},"18":{"name":"(anonymous_18)","line":143,"loc":{"start":{"line":143,"column":15},"end":{"line":143,"column":30}}},"19":{"name":"(anonymous_19)","line":150,"loc":{"start":{"line":150,"column":30},"end":{"line":150,"column":47}}},"20":{"name":"(anonymous_20)","line":154,"loc":{"start":{"line":154,"column":34},"end":{"line":154,"column":52}}}},"statementMap":{"1":{"start":{"line":9,"column":0},"end":{"line":9,"column":28}},"2":{"start":{"line":10,"column":0},"end":{"line":10,"column":35}},"3":{"start":{"line":12,"column":0},"end":{"line":12,"column":25}},"4":{"start":{"line":14,"column":0},"end":{"line":36,"column":1}},"5":{"start":{"line":15,"column":2},"end":{"line":35,"column":4}},"6":{"start":{"line":16,"column":4},"end":{"line":19,"column":5}},"7":{"start":{"line":17,"column":6},"end":{"line":17,"column":63}},"8":{"start":{"line":18,"column":6},"end":{"line":18,"column":25}},"9":{"start":{"line":20,"column":4},"end":{"line":34,"column":5}},"10":{"start":{"line":21,"column":6},"end":{"line":21,"column":63}},"11":{"start":{"line":22,"column":6},"end":{"line":22,"column":25}},"12":{"start":{"line":24,"column":6},"end":{"line":24,"column":146}},"13":{"start":{"line":26,"column":6},"end":{"line":33,"column":8}},"14":{"start":{"line":27,"column":8},"end":{"line":27,"column":86}},"15":{"start":{"line":28,"column":8},"end":{"line":28,"column":38}},"16":{"start":{"line":30,"column":8},"end":{"line":30,"column":27}},"17":{"start":{"line":32,"column":8},"end":{"line":32,"column":19}},"18":{"start":{"line":38,"column":0},"end":{"line":60,"column":1}},"19":{"start":{"line":39,"column":2},"end":{"line":59,"column":4}},"20":{"start":{"line":40,"column":4},"end":{"line":43,"column":5}},"21":{"start":{"line":41,"column":6},"end":{"line":41,"column":63}},"22":{"start":{"line":42,"column":6},"end":{"line":42,"column":33}},"23":{"start":{"line":44,"column":4},"end":{"line":47,"column":5}},"24":{"start":{"line":45,"column":6},"end":{"line":45,"column":63}},"25":{"start":{"line":46,"column":6},"end":{"line":46,"column":33}},"26":{"start":{"line":48,"column":4},"end":{"line":48,"column":144}},"27":{"start":{"line":50,"column":4},"end":{"line":58,"column":6}},"28":{"start":{"line":51,"column":6},"end":{"line":51,"column":84}},"29":{"start":{"line":52,"column":6},"end":{"line":52,"column":36}},"30":{"start":{"line":53,"column":6},"end":{"line":53,"column":29}},"31":{"start":{"line":55,"column":6},"end":{"line":55,"column":25}},"32":{"start":{"line":57,"column":6},"end":{"line":57,"column":17}},"33":{"start":{"line":62,"column":0},"end":{"line":82,"column":1}},"34":{"start":{"line":63,"column":2},"end":{"line":81,"column":4}},"35":{"start":{"line":64,"column":4},"end":{"line":67,"column":5}},"36":{"start":{"line":65,"column":6},"end":{"line":65,"column":63}},"37":{"start":{"line":66,"column":6},"end":{"line":66,"column":29}},"38":{"start":{"line":68,"column":4},"end":{"line":71,"column":5}},"39":{"start":{"line":69,"column":6},"end":{"line":69,"column":63}},"40":{"start":{"line":70,"column":6},"end":{"line":70,"column":29}},"41":{"start":{"line":72,"column":4},"end":{"line":72,"column":144}},"42":{"start":{"line":74,"column":4},"end":{"line":80,"column":6}},"43":{"start":{"line":75,"column":6},"end":{"line":75,"column":84}},"44":{"start":{"line":76,"column":6},"end":{"line":76,"column":36}},"45":{"start":{"line":77,"column":6},"end":{"line":77,"column":25}},"46":{"start":{"line":79,"column":6},"end":{"line":79,"column":17}},"47":{"start":{"line":84,"column":0},"end":{"line":104,"column":1}},"48":{"start":{"line":85,"column":2},"end":{"line":103,"column":4}},"49":{"start":{"line":86,"column":4},"end":{"line":88,"column":5}},"50":{"start":{"line":87,"column":6},"end":{"line":87,"column":34}},"51":{"start":{"line":89,"column":4},"end":{"line":102,"column":5}},"52":{"start":{"line":90,"column":6},"end":{"line":90,"column":65}},"53":{"start":{"line":91,"column":6},"end":{"line":91,"column":25}},"54":{"start":{"line":93,"column":6},"end":{"line":93,"column":150}},"55":{"start":{"line":95,"column":6},"end":{"line":101,"column":8}},"56":{"start":{"line":96,"column":8},"end":{"line":96,"column":88}},"57":{"start":{"line":97,"column":8},"end":{"line":97,"column":38}},"58":{"start":{"line":98,"column":8},"end":{"line":98,"column":27}},"59":{"start":{"line":100,"column":8},"end":{"line":100,"column":19}},"60":{"start":{"line":106,"column":0},"end":{"line":126,"column":1}},"61":{"start":{"line":107,"column":2},"end":{"line":125,"column":4}},"62":{"start":{"line":108,"column":4},"end":{"line":110,"column":5}},"63":{"start":{"line":109,"column":6},"end":{"line":109,"column":34}},"64":{"start":{"line":111,"column":4},"end":{"line":124,"column":5}},"65":{"start":{"line":112,"column":6},"end":{"line":112,"column":65}},"66":{"start":{"line":113,"column":6},"end":{"line":113,"column":25}},"67":{"start":{"line":115,"column":6},"end":{"line":115,"column":150}},"68":{"start":{"line":117,"column":6},"end":{"line":123,"column":8}},"69":{"start":{"line":118,"column":8},"end":{"line":118,"column":88}},"70":{"start":{"line":119,"column":8},"end":{"line":119,"column":38}},"71":{"start":{"line":120,"column":8},"end":{"line":120,"column":27}},"72":{"start":{"line":122,"column":8},"end":{"line":122,"column":19}},"73":{"start":{"line":128,"column":0},"end":{"line":148,"column":1}},"74":{"start":{"line":129,"column":2},"end":{"line":147,"column":4}},"75":{"start":{"line":130,"column":4},"end":{"line":132,"column":5}},"76":{"start":{"line":131,"column":6},"end":{"line":131,"column":34}},"77":{"start":{"line":133,"column":4},"end":{"line":146,"column":5}},"78":{"start":{"line":134,"column":6},"end":{"line":134,"column":60}},"79":{"start":{"line":135,"column":6},"end":{"line":135,"column":25}},"80":{"start":{"line":137,"column":6},"end":{"line":137,"column":140}},"81":{"start":{"line":139,"column":6},"end":{"line":145,"column":8}},"82":{"start":{"line":140,"column":8},"end":{"line":140,"column":84}},"83":{"start":{"line":141,"column":8},"end":{"line":141,"column":38}},"84":{"start":{"line":142,"column":8},"end":{"line":142,"column":27}},"85":{"start":{"line":144,"column":8},"end":{"line":144,"column":19}},"86":{"start":{"line":150,"column":0},"end":{"line":162,"column":1}},"87":{"start":{"line":151,"column":2},"end":{"line":151,"column":62}},"88":{"start":{"line":152,"column":2},"end":{"line":161,"column":4}},"89":{"start":{"line":153,"column":4},"end":{"line":160,"column":5}},"90":{"start":{"line":154,"column":6},"end":{"line":157,"column":8}},"91":{"start":{"line":155,"column":8},"end":{"line":155,"column":70}},"92":{"start":{"line":156,"column":8},"end":{"line":156,"column":17}},"93":{"start":{"line":159,"column":6},"end":{"line":159,"column":61}},"94":{"start":{"line":164,"column":0},"end":{"line":164,"column":33}}},"branchMap":{"1":{"line":16,"type":"if","locations":[{"start":{"line":16,"column":4},"end":{"line":16,"column":4}},{"start":{"line":16,"column":4},"end":{"line":16,"column":4}}]},"2":{"line":20,"type":"if","locations":[{"start":{"line":20,"column":4},"end":{"line":20,"column":4}},{"start":{"line":20,"column":4},"end":{"line":20,"column":4}}]},"3":{"line":40,"type":"if","locations":[{"start":{"line":40,"column":4},"end":{"line":40,"column":4}},{"start":{"line":40,"column":4},"end":{"line":40,"column":4}}]},"4":{"line":44,"type":"if","locations":[{"start":{"line":44,"column":4},"end":{"line":44,"column":4}},{"start":{"line":44,"column":4},"end":{"line":44,"column":4}}]},"5":{"line":64,"type":"if","locations":[{"start":{"line":64,"column":4},"end":{"line":64,"column":4}},{"start":{"line":64,"column":4},"end":{"line":64,"column":4}}]},"6":{"line":68,"type":"if","locations":[{"start":{"line":68,"column":4},"end":{"line":68,"column":4}},{"start":{"line":68,"column":4},"end":{"line":68,"column":4}}]},"7":{"line":86,"type":"if","locations":[{"start":{"line":86,"column":4},"end":{"line":86,"column":4}},{"start":{"line":86,"column":4},"end":{"line":86,"column":4}}]},"8":{"line":89,"type":"if","locations":[{"start":{"line":89,"column":4},"end":{"line":89,"column":4}},{"start":{"line":89,"column":4},"end":{"line":89,"column":4}}]},"9":{"line":108,"type":"if","locations":[{"start":{"line":108,"column":4},"end":{"line":108,"column":4}},{"start":{"line":108,"column":4},"end":{"line":108,"column":4}}]},"10":{"line":111,"type":"if","locations":[{"start":{"line":111,"column":4},"end":{"line":111,"column":4}},{"start":{"line":111,"column":4},"end":{"line":111,"column":4}}]},"11":{"line":130,"type":"if","locations":[{"start":{"line":130,"column":4},"end":{"line":130,"column":4}},{"start":{"line":130,"column":4},"end":{"line":130,"column":4}}]},"12":{"line":133,"type":"if","locations":[{"start":{"line":133,"column":4},"end":{"line":133,"column":4}},{"start":{"line":133,"column":4},"end":{"line":133,"column":4}}]}}},"/Users/samhessenauer/Documents/Software/git/MatryxExplorer/api/controllers/gateway/ipfsCalls.js":{"path":"/Users/samhessenauer/Documents/Software/git/MatryxExplorer/api/controllers/gateway/ipfsCalls.js","s":{"1":1,"2":1,"3":1,"4":1,"5":1,"6":1,"7":1,"8":1,"9":1,"10":1,"11":1,"12":1,"13":0,"14":0,"15":0,"16":0,"17":0,"18":1,"19":0,"20":0,"21":0,"22":1,"23":0,"24":0,"25":0,"26":0,"27":0,"28":0,"29":1,"30":0,"31":0,"32":0,"33":0,"34":0,"35":0,"36":0,"37":0,"38":1,"39":0,"40":0,"41":0,"42":0,"43":0,"44":0,"45":1,"46":0,"47":0,"48":0,"49":0,"50":0,"51":0,"52":0,"53":0,"54":0,"55":0,"56":0,"57":0,"58":0,"59":0,"60":0,"61":0,"62":1,"63":0,"64":0,"65":0,"66":0,"67":0,"68":0,"69":0,"70":0,"71":0,"72":0,"73":0,"74":0,"75":0,"76":0,"77":0,"78":0,"79":0,"80":0,"81":0,"82":0,"83":0,"84":0,"85":0,"86":0,"87":0,"88":0,"89":0,"90":1,"91":0,"92":0,"93":0,"94":0,"95":0,"96":0,"97":0,"98":1,"99":0,"100":0,"101":0,"102":0,"103":0,"104":0,"105":0,"106":0,"107":0,"108":0,"109":0,"110":0,"111":0,"112":1},"b":{"1":[0,0],"2":[0,0],"3":[0,0],"4":[0,0],"5":[0,0],"6":[0,0],"7":[0,0],"8":[0,0],"9":[0,0],"10":[0,0],"11":[0,0],"12":[0,0]},"f":{"1":0,"2":0,"3":0,"4":0,"5":0,"6":0,"7":0,"8":0,"9":0,"10":0,"11":0,"12":0,"13":0},"fnMap":{"1":{"name":"(anonymous_1)","line":52,"loc":{"start":{"line":52,"column":26},"end":{"line":52,"column":49}}},"2":{"name":"(anonymous_2)","line":59,"loc":{"start":{"line":59,"column":35},"end":{"line":59,"column":56}}},"3":{"name":"(anonymous_3)","line":69,"loc":{"start":{"line":69,"column":24},"end":{"line":69,"column":45}}},"4":{"name":"(anonymous_4)","line":84,"loc":{"start":{"line":84,"column":34},"end":{"line":84,"column":65}}},"5":{"name":"(anonymous_5)","line":86,"loc":{"start":{"line":86,"column":38},"end":{"line":86,"column":53}}},"6":{"name":"(anonymous_6)","line":96,"loc":{"start":{"line":96,"column":32},"end":{"line":96,"column":57}}},"7":{"name":"(anonymous_7)","line":126,"loc":{"start":{"line":126,"column":29},"end":{"line":126,"column":50}}},"8":{"name":"(anonymous_8)","line":129,"loc":{"start":{"line":129,"column":39},"end":{"line":129,"column":58}}},"9":{"name":"(anonymous_9)","line":173,"loc":{"start":{"line":173,"column":13},"end":{"line":173,"column":28}}},"10":{"name":"(anonymous_10)","line":184,"loc":{"start":{"line":184,"column":40},"end":{"line":184,"column":87}}},"11":{"name":"(anonymous_11)","line":203,"loc":{"start":{"line":203,"column":35},"end":{"line":203,"column":56}}},"12":{"name":"(anonymous_12)","line":214,"loc":{"start":{"line":214,"column":39},"end":{"line":214,"column":58}}},"13":{"name":"(anonymous_13)","line":222,"loc":{"start":{"line":222,"column":13},"end":{"line":222,"column":28}}}},"statementMap":{"1":{"start":{"line":10,"column":0},"end":{"line":10,"column":28}},"2":{"start":{"line":11,"column":0},"end":{"line":11,"column":35}},"3":{"start":{"line":12,"column":0},"end":{"line":12,"column":28}},"4":{"start":{"line":13,"column":0},"end":{"line":13,"column":38}},"5":{"start":{"line":14,"column":0},"end":{"line":14,"column":26}},"6":{"start":{"line":15,"column":0},"end":{"line":15,"column":22}},"7":{"start":{"line":17,"column":0},"end":{"line":17,"column":34}},"8":{"start":{"line":18,"column":0},"end":{"line":18,"column":46}},"9":{"start":{"line":20,"column":0},"end":{"line":20,"column":18}},"10":{"start":{"line":22,"column":0},"end":{"line":31,"column":1}},"11":{"start":{"line":33,"column":0},"end":{"line":33,"column":34}},"12":{"start":{"line":38,"column":0},"end":{"line":50,"column":2}},"13":{"start":{"line":40,"column":2},"end":{"line":40,"column":58}},"14":{"start":{"line":44,"column":2},"end":{"line":49,"column":4}},"15":{"start":{"line":45,"column":4},"end":{"line":45,"column":48}},"16":{"start":{"line":46,"column":4},"end":{"line":48,"column":6}},"17":{"start":{"line":47,"column":6},"end":{"line":47,"column":59}},"18":{"start":{"line":52,"column":0},"end":{"line":56,"column":1}},"19":{"start":{"line":53,"column":2},"end":{"line":55,"column":4}},"20":{"start":{"line":54,"column":4},"end":{"line":54,"column":36}},"21":{"start":{"line":54,"column":15},"end":{"line":54,"column":35}},"22":{"start":{"line":59,"column":0},"end":{"line":67,"column":1}},"23":{"start":{"line":60,"column":2},"end":{"line":66,"column":4}},"24":{"start":{"line":61,"column":4},"end":{"line":65,"column":6}},"25":{"start":{"line":62,"column":6},"end":{"line":62,"column":30}},"26":{"start":{"line":62,"column":17},"end":{"line":62,"column":29}},"27":{"start":{"line":63,"column":6},"end":{"line":63,"column":85}},"28":{"start":{"line":64,"column":6},"end":{"line":64,"column":21}},"29":{"start":{"line":69,"column":0},"end":{"line":81,"column":1}},"30":{"start":{"line":70,"column":2},"end":{"line":70,"column":88}},"31":{"start":{"line":71,"column":2},"end":{"line":80,"column":4}},"32":{"start":{"line":72,"column":4},"end":{"line":79,"column":6}},"33":{"start":{"line":73,"column":6},"end":{"line":73,"column":30}},"34":{"start":{"line":73,"column":17},"end":{"line":73,"column":29}},"35":{"start":{"line":75,"column":6},"end":{"line":75,"column":62}},"36":{"start":{"line":76,"column":6},"end":{"line":76,"column":40}},"37":{"start":{"line":78,"column":6},"end":{"line":78,"column":36}},"38":{"start":{"line":84,"column":0},"end":{"line":94,"column":1}},"39":{"start":{"line":85,"column":2},"end":{"line":93,"column":4}},"40":{"start":{"line":86,"column":4},"end":{"line":92,"column":6}},"41":{"start":{"line":87,"column":6},"end":{"line":89,"column":7}},"42":{"start":{"line":88,"column":8},"end":{"line":88,"column":19}},"43":{"start":{"line":90,"column":6},"end":{"line":90,"column":98}},"44":{"start":{"line":91,"column":6},"end":{"line":91,"column":34}},"45":{"start":{"line":96,"column":0},"end":{"line":124,"column":1}},"46":{"start":{"line":97,"column":2},"end":{"line":123,"column":4}},"47":{"start":{"line":98,"column":4},"end":{"line":98,"column":30}},"48":{"start":{"line":100,"column":4},"end":{"line":122,"column":6}},"49":{"start":{"line":101,"column":6},"end":{"line":101,"column":30}},"50":{"start":{"line":101,"column":17},"end":{"line":101,"column":29}},"51":{"start":{"line":102,"column":6},"end":{"line":102,"column":57}},"52":{"start":{"line":104,"column":6},"end":{"line":114,"column":8}},"53":{"start":{"line":106,"column":8},"end":{"line":106,"column":70}},"54":{"start":{"line":107,"column":8},"end":{"line":110,"column":9}},"55":{"start":{"line":112,"column":8},"end":{"line":112,"column":40}},"56":{"start":{"line":113,"column":8},"end":{"line":113,"column":25}},"57":{"start":{"line":116,"column":6},"end":{"line":121,"column":8}},"58":{"start":{"line":117,"column":8},"end":{"line":117,"column":32}},"59":{"start":{"line":117,"column":19},"end":{"line":117,"column":31}},"60":{"start":{"line":118,"column":8},"end":{"line":118,"column":76}},"61":{"start":{"line":120,"column":8},"end":{"line":120,"column":35}},"62":{"start":{"line":126,"column":0},"end":{"line":177,"column":1}},"63":{"start":{"line":127,"column":2},"end":{"line":127,"column":88}},"64":{"start":{"line":128,"column":2},"end":{"line":176,"column":4}},"65":{"start":{"line":129,"column":4},"end":{"line":175,"column":6}},"66":{"start":{"line":133,"column":6},"end":{"line":133,"column":24}},"67":{"start":{"line":134,"column":6},"end":{"line":134,"column":31}},"68":{"start":{"line":136,"column":6},"end":{"line":136,"column":26}},"69":{"start":{"line":138,"column":6},"end":{"line":167,"column":8}},"70":{"start":{"line":140,"column":8},"end":{"line":166,"column":9}},"71":{"start":{"line":141,"column":10},"end":{"line":141,"column":91}},"72":{"start":{"line":142,"column":10},"end":{"line":142,"column":31}},"73":{"start":{"line":144,"column":10},"end":{"line":144,"column":41}},"74":{"start":{"line":147,"column":10},"end":{"line":152,"column":11}},"75":{"start":{"line":149,"column":12},"end":{"line":149,"column":101}},"76":{"start":{"line":150,"column":12},"end":{"line":150,"column":55}},"77":{"start":{"line":151,"column":12},"end":{"line":151,"column":49}},"78":{"start":{"line":154,"column":10},"end":{"line":158,"column":11}},"79":{"start":{"line":155,"column":12},"end":{"line":155,"column":67}},"80":{"start":{"line":156,"column":12},"end":{"line":156,"column":92}},"81":{"start":{"line":157,"column":12},"end":{"line":157,"column":49}},"82":{"start":{"line":160,"column":10},"end":{"line":165,"column":11}},"83":{"start":{"line":163,"column":12},"end":{"line":163,"column":82}},"84":{"start":{"line":164,"column":12},"end":{"line":164,"column":46}},"85":{"start":{"line":168,"column":6},"end":{"line":168,"column":65}},"86":{"start":{"line":169,"column":6},"end":{"line":169,"column":35}},"87":{"start":{"line":171,"column":6},"end":{"line":171,"column":39}},"88":{"start":{"line":172,"column":6},"end":{"line":172,"column":26}},"89":{"start":{"line":174,"column":6},"end":{"line":174,"column":17}},"90":{"start":{"line":184,"column":0},"end":{"line":197,"column":1}},"91":{"start":{"line":185,"column":2},"end":{"line":185,"column":71}},"92":{"start":{"line":186,"column":2},"end":{"line":196,"column":4}},"93":{"start":{"line":187,"column":4},"end":{"line":195,"column":6}},"94":{"start":{"line":192,"column":6},"end":{"line":192,"column":30}},"95":{"start":{"line":192,"column":17},"end":{"line":192,"column":29}},"96":{"start":{"line":193,"column":6},"end":{"line":193,"column":74}},"97":{"start":{"line":194,"column":6},"end":{"line":194,"column":33}},"98":{"start":{"line":203,"column":0},"end":{"line":226,"column":1}},"99":{"start":{"line":204,"column":2},"end":{"line":204,"column":119}},"100":{"start":{"line":205,"column":2},"end":{"line":225,"column":4}},"101":{"start":{"line":209,"column":4},"end":{"line":209,"column":46}},"102":{"start":{"line":210,"column":4},"end":{"line":210,"column":21}},"103":{"start":{"line":211,"column":4},"end":{"line":211,"column":54}},"104":{"start":{"line":212,"column":4},"end":{"line":212,"column":54}},"105":{"start":{"line":214,"column":4},"end":{"line":224,"column":6}},"106":{"start":{"line":215,"column":6},"end":{"line":215,"column":52}},"107":{"start":{"line":217,"column":6},"end":{"line":217,"column":57}},"108":{"start":{"line":218,"column":6},"end":{"line":218,"column":70}},"109":{"start":{"line":220,"column":6},"end":{"line":220,"column":27}},"110":{"start":{"line":221,"column":6},"end":{"line":221,"column":23}},"111":{"start":{"line":223,"column":6},"end":{"line":223,"column":17}},"112":{"start":{"line":272,"column":0},"end":{"line":272,"column":26}}},"branchMap":{"1":{"line":54,"type":"if","locations":[{"start":{"line":54,"column":4},"end":{"line":54,"column":4}},{"start":{"line":54,"column":4},"end":{"line":54,"column":4}}]},"2":{"line":62,"type":"if","locations":[{"start":{"line":62,"column":6},"end":{"line":62,"column":6}},{"start":{"line":62,"column":6},"end":{"line":62,"column":6}}]},"3":{"line":73,"type":"if","locations":[{"start":{"line":73,"column":6},"end":{"line":73,"column":6}},{"start":{"line":73,"column":6},"end":{"line":73,"column":6}}]},"4":{"line":87,"type":"if","locations":[{"start":{"line":87,"column":6},"end":{"line":87,"column":6}},{"start":{"line":87,"column":6},"end":{"line":87,"column":6}}]},"5":{"line":101,"type":"if","locations":[{"start":{"line":101,"column":6},"end":{"line":101,"column":6}},{"start":{"line":101,"column":6},"end":{"line":101,"column":6}}]},"6":{"line":117,"type":"if","locations":[{"start":{"line":117,"column":8},"end":{"line":117,"column":8}},{"start":{"line":117,"column":8},"end":{"line":117,"column":8}}]},"7":{"line":140,"type":"if","locations":[{"start":{"line":140,"column":8},"end":{"line":140,"column":8}},{"start":{"line":140,"column":8},"end":{"line":140,"column":8}}]},"8":{"line":147,"type":"if","locations":[{"start":{"line":147,"column":10},"end":{"line":147,"column":10}},{"start":{"line":147,"column":10},"end":{"line":147,"column":10}}]},"9":{"line":154,"type":"if","locations":[{"start":{"line":154,"column":10},"end":{"line":154,"column":10}},{"start":{"line":154,"column":10},"end":{"line":154,"column":10}}]},"10":{"line":160,"type":"if","locations":[{"start":{"line":160,"column":10},"end":{"line":160,"column":10}},{"start":{"line":160,"column":10},"end":{"line":160,"column":10}}]},"11":{"line":160,"type":"binary-expr","locations":[{"start":{"line":160,"column":14},"end":{"line":160,"column":43}},{"start":{"line":160,"column":47},"end":{"line":160,"column":77}}]},"12":{"line":192,"type":"if","locations":[{"start":{"line":192,"column":6},"end":{"line":192,"column":6}},{"start":{"line":192,"column":6},"end":{"line":192,"column":6}}]}}},"/Users/samhessenauer/Documents/Software/git/MatryxExplorer/api/routes/platform.js":{"path":"/Users/samhessenauer/Documents/Software/git/MatryxExplorer/api/routes/platform.js","s":{"1":1,"2":1,"3":1,"4":1,"5":1,"6":0,"7":1,"8":0,"9":0,"10":0,"11":0,"12":0,"13":0,"14":0,"15":0,"16":0,"17":1,"18":0,"19":0,"20":0,"21":0,"22":0,"23":0,"24":1,"25":0,"26":0,"27":0,"28":0,"29":0,"30":0,"31":1,"32":0,"33":0,"34":0,"35":0,"36":0,"37":0,"38":0,"39":1,"40":0,"41":0,"42":0,"43":0,"44":0,"45":0,"46":0,"47":1,"48":0,"49":0,"50":0,"51":0,"52":0,"53":0,"54":0,"55":1},"b":{},"f":{"1":0,"2":0,"3":0,"4":0,"5":0,"6":0},"fnMap":{"1":{"name":"(anonymous_1)","line":28,"loc":{"start":{"line":28,"column":63},"end":{"line":28,"column":88}}},"2":{"name":"(anonymous_2)","line":52,"loc":{"start":{"line":52,"column":63},"end":{"line":52,"column":88}}},"3":{"name":"(anonymous_3)","line":72,"loc":{"start":{"line":72,"column":63},"end":{"line":72,"column":88}}},"4":{"name":"(anonymous_4)","line":94,"loc":{"start":{"line":94,"column":56},"end":{"line":94,"column":81}}},"5":{"name":"(anonymous_5)","line":117,"loc":{"start":{"line":117,"column":60},"end":{"line":117,"column":88}}},"6":{"name":"(anonymous_6)","line":139,"loc":{"start":{"line":139,"column":56},"end":{"line":139,"column":80}}}},"statementMap":{"1":{"start":{"line":10,"column":0},"end":{"line":10,"column":34}},"2":{"start":{"line":11,"column":0},"end":{"line":11,"column":31}},"3":{"start":{"line":13,"column":0},"end":{"line":13,"column":75}},"4":{"start":{"line":15,"column":0},"end":{"line":15,"column":48}},"5":{"start":{"line":18,"column":0},"end":{"line":22,"column":2}},"6":{"start":{"line":19,"column":2},"end":{"line":21,"column":4}},"7":{"start":{"line":26,"column":0},"end":{"line":48,"column":2}},"8":{"start":{"line":27,"column":2},"end":{"line":47,"column":3}},"9":{"start":{"line":28,"column":4},"end":{"line":40,"column":6}},"10":{"start":{"line":29,"column":6},"end":{"line":29,"column":71}},"11":{"start":{"line":30,"column":6},"end":{"line":30,"column":57}},"12":{"start":{"line":31,"column":6},"end":{"line":31,"column":43}},"13":{"start":{"line":32,"column":6},"end":{"line":35,"column":8}},"14":{"start":{"line":37,"column":6},"end":{"line":39,"column":8}},"15":{"start":{"line":42,"column":4},"end":{"line":42,"column":40}},"16":{"start":{"line":43,"column":4},"end":{"line":46,"column":6}},"17":{"start":{"line":50,"column":0},"end":{"line":68,"column":2}},"18":{"start":{"line":51,"column":2},"end":{"line":67,"column":3}},"19":{"start":{"line":52,"column":4},"end":{"line":60,"column":6}},"20":{"start":{"line":53,"column":6},"end":{"line":55,"column":8}},"21":{"start":{"line":57,"column":6},"end":{"line":59,"column":8}},"22":{"start":{"line":62,"column":4},"end":{"line":62,"column":40}},"23":{"start":{"line":63,"column":4},"end":{"line":66,"column":6}},"24":{"start":{"line":70,"column":0},"end":{"line":88,"column":2}},"25":{"start":{"line":71,"column":2},"end":{"line":87,"column":3}},"26":{"start":{"line":72,"column":4},"end":{"line":80,"column":6}},"27":{"start":{"line":73,"column":6},"end":{"line":75,"column":8}},"28":{"start":{"line":77,"column":6},"end":{"line":79,"column":8}},"29":{"start":{"line":82,"column":4},"end":{"line":82,"column":40}},"30":{"start":{"line":83,"column":4},"end":{"line":86,"column":6}},"31":{"start":{"line":91,"column":0},"end":{"line":111,"column":2}},"32":{"start":{"line":92,"column":2},"end":{"line":92,"column":34}},"33":{"start":{"line":93,"column":2},"end":{"line":110,"column":3}},"34":{"start":{"line":94,"column":4},"end":{"line":103,"column":6}},"35":{"start":{"line":95,"column":6},"end":{"line":98,"column":8}},"36":{"start":{"line":100,"column":6},"end":{"line":102,"column":8}},"37":{"start":{"line":105,"column":4},"end":{"line":105,"column":40}},"38":{"start":{"line":106,"column":4},"end":{"line":109,"column":6}},"39":{"start":{"line":114,"column":0},"end":{"line":133,"column":2}},"40":{"start":{"line":115,"column":2},"end":{"line":115,"column":34}},"41":{"start":{"line":116,"column":2},"end":{"line":132,"column":3}},"42":{"start":{"line":117,"column":4},"end":{"line":125,"column":6}},"43":{"start":{"line":118,"column":6},"end":{"line":120,"column":8}},"44":{"start":{"line":122,"column":6},"end":{"line":124,"column":8}},"45":{"start":{"line":127,"column":4},"end":{"line":127,"column":40}},"46":{"start":{"line":128,"column":4},"end":{"line":131,"column":6}},"47":{"start":{"line":136,"column":0},"end":{"line":155,"column":2}},"48":{"start":{"line":137,"column":2},"end":{"line":137,"column":34}},"49":{"start":{"line":138,"column":2},"end":{"line":154,"column":3}},"50":{"start":{"line":139,"column":4},"end":{"line":147,"column":6}},"51":{"start":{"line":140,"column":6},"end":{"line":142,"column":8}},"52":{"start":{"line":144,"column":6},"end":{"line":146,"column":8}},"53":{"start":{"line":149,"column":4},"end":{"line":149,"column":40}},"54":{"start":{"line":150,"column":4},"end":{"line":153,"column":6}},"55":{"start":{"line":157,"column":0},"end":{"line":157,"column":23}}},"branchMap":{}},"/Users/samhessenauer/Documents/Software/git/MatryxExplorer/api/routes/tournaments.js":{"path":"/Users/samhessenauer/Documents/Software/git/MatryxExplorer/api/routes/tournaments.js","s":{"1":1,"2":1,"3":1,"4":1,"5":1,"6":1,"7":1,"8":1,"9":0,"10":0,"11":0,"12":0,"13":0,"14":1,"15":0,"16":0,"17":0,"18":0,"19":0,"20":0,"21":0,"22":1,"23":0,"24":0,"25":0,"26":0,"27":0,"28":0,"29":0,"30":1,"31":0,"32":0,"33":0,"34":0,"35":1,"36":0,"37":0,"38":0,"39":0,"40":1,"41":0,"42":0,"43":0,"44":0,"45":0,"46":0,"47":0,"48":1,"49":0,"50":0,"51":0,"52":0,"53":0,"54":0,"55":1,"56":0,"57":0,"58":0,"59":0,"60":0,"61":0,"62":1,"63":0,"64":0,"65":0,"66":0,"67":0,"68":0,"69":1,"70":0,"71":0,"72":0,"73":0,"74":0,"75":0,"76":0,"77":0,"78":0,"79":0,"80":0,"81":0,"82":1,"83":0,"84":0,"85":0,"86":0,"87":0,"88":0,"89":0,"90":1,"91":0,"92":0,"93":0,"94":0,"95":0,"96":0,"97":1,"98":0,"99":0,"100":0,"101":0,"102":0,"103":1},"b":{"1":[0,0],"2":[0,0],"3":[0,0],"4":[0,0],"5":[0,0],"6":[0,0],"7":[0,0],"8":[0,0]},"f":{"1":0,"2":0,"3":0,"4":0,"5":0,"6":0,"7":0,"8":0,"9":0,"10":0,"11":0,"12":0,"13":0,"14":0,"15":0,"16":0},"fnMap":{"1":{"name":"(anonymous_1)","line":19,"loc":{"start":{"line":19,"column":50},"end":{"line":19,"column":73}}},"2":{"name":"(anonymous_2)","line":36,"loc":{"start":{"line":36,"column":64},"end":{"line":36,"column":88}}},"3":{"name":"(anonymous_3)","line":55,"loc":{"start":{"line":55,"column":58},"end":{"line":55,"column":82}}},"4":{"name":"(anonymous_4)","line":72,"loc":{"start":{"line":72,"column":36},"end":{"line":72,"column":54}}},"5":{"name":"(anonymous_5)","line":76,"loc":{"start":{"line":76,"column":11},"end":{"line":76,"column":26}}},"6":{"name":"(anonymous_6)","line":86,"loc":{"start":{"line":86,"column":48},"end":{"line":86,"column":71}}},"7":{"name":"(anonymous_7)","line":90,"loc":{"start":{"line":90,"column":11},"end":{"line":90,"column":26}}},"8":{"name":"(anonymous_8)","line":119,"loc":{"start":{"line":119,"column":64},"end":{"line":119,"column":82}}},"9":{"name":"(anonymous_9)","line":140,"loc":{"start":{"line":140,"column":67},"end":{"line":140,"column":85}}},"10":{"name":"(anonymous_10)","line":161,"loc":{"start":{"line":161,"column":58},"end":{"line":161,"column":76}}},"11":{"name":"(anonymous_11)","line":182,"loc":{"start":{"line":182,"column":55},"end":{"line":182,"column":73}}},"12":{"name":"(anonymous_12)","line":212,"loc":{"start":{"line":212,"column":74},"end":{"line":212,"column":98}}},"13":{"name":"(anonymous_13)","line":215,"loc":{"start":{"line":215,"column":59},"end":{"line":215,"column":84}}},"14":{"name":"(anonymous_14)","line":242,"loc":{"start":{"line":242,"column":84},"end":{"line":242,"column":102}}},"15":{"name":"(anonymous_15)","line":263,"loc":{"start":{"line":263,"column":70},"end":{"line":263,"column":88}}},"16":{"name":"(anonymous_16)","line":279,"loc":{"start":{"line":279,"column":63},"end":{"line":279,"column":81}}}},"statementMap":{"1":{"start":{"line":8,"column":0},"end":{"line":8,"column":34}},"2":{"start":{"line":9,"column":0},"end":{"line":9,"column":75}},"3":{"start":{"line":10,"column":0},"end":{"line":10,"column":65}},"4":{"start":{"line":11,"column":0},"end":{"line":11,"column":75}},"5":{"start":{"line":12,"column":0},"end":{"line":12,"column":49}},"6":{"start":{"line":13,"column":0},"end":{"line":13,"column":31}},"7":{"start":{"line":14,"column":0},"end":{"line":14,"column":48}},"8":{"start":{"line":17,"column":0},"end":{"line":31,"column":2}},"9":{"start":{"line":18,"column":2},"end":{"line":30,"column":3}},"10":{"start":{"line":19,"column":4},"end":{"line":23,"column":6}},"11":{"start":{"line":20,"column":6},"end":{"line":22,"column":8}},"12":{"start":{"line":25,"column":4},"end":{"line":25,"column":40}},"13":{"start":{"line":26,"column":4},"end":{"line":29,"column":6}},"14":{"start":{"line":33,"column":0},"end":{"line":49,"column":2}},"15":{"start":{"line":34,"column":2},"end":{"line":34,"column":34}},"16":{"start":{"line":35,"column":2},"end":{"line":48,"column":3}},"17":{"start":{"line":36,"column":4},"end":{"line":41,"column":6}},"18":{"start":{"line":37,"column":6},"end":{"line":37,"column":31}},"19":{"start":{"line":38,"column":6},"end":{"line":40,"column":8}},"20":{"start":{"line":43,"column":4},"end":{"line":43,"column":40}},"21":{"start":{"line":44,"column":4},"end":{"line":47,"column":6}},"22":{"start":{"line":52,"column":0},"end":{"line":68,"column":2}},"23":{"start":{"line":53,"column":2},"end":{"line":53,"column":34}},"24":{"start":{"line":54,"column":2},"end":{"line":67,"column":3}},"25":{"start":{"line":55,"column":4},"end":{"line":60,"column":6}},"26":{"start":{"line":56,"column":6},"end":{"line":56,"column":31}},"27":{"start":{"line":57,"column":6},"end":{"line":59,"column":8}},"28":{"start":{"line":62,"column":4},"end":{"line":62,"column":40}},"29":{"start":{"line":63,"column":4},"end":{"line":66,"column":6}},"30":{"start":{"line":71,"column":0},"end":{"line":82,"column":2}},"31":{"start":{"line":72,"column":2},"end":{"line":81,"column":4}},"32":{"start":{"line":73,"column":4},"end":{"line":75,"column":6}},"33":{"start":{"line":77,"column":4},"end":{"line":77,"column":20}},"34":{"start":{"line":78,"column":4},"end":{"line":80,"column":6}},"35":{"start":{"line":85,"column":0},"end":{"line":96,"column":2}},"36":{"start":{"line":86,"column":2},"end":{"line":95,"column":4}},"37":{"start":{"line":87,"column":4},"end":{"line":89,"column":6}},"38":{"start":{"line":91,"column":4},"end":{"line":91,"column":20}},"39":{"start":{"line":92,"column":4},"end":{"line":94,"column":6}},"40":{"start":{"line":110,"column":0},"end":{"line":130,"column":2}},"41":{"start":{"line":111,"column":2},"end":{"line":111,"column":46}},"42":{"start":{"line":113,"column":2},"end":{"line":129,"column":3}},"43":{"start":{"line":114,"column":4},"end":{"line":116,"column":6}},"44":{"start":{"line":118,"column":4},"end":{"line":128,"column":5}},"45":{"start":{"line":119,"column":6},"end":{"line":123,"column":8}},"46":{"start":{"line":120,"column":8},"end":{"line":122,"column":10}},"47":{"start":{"line":125,"column":6},"end":{"line":127,"column":8}},"48":{"start":{"line":133,"column":0},"end":{"line":151,"column":2}},"49":{"start":{"line":134,"column":2},"end":{"line":134,"column":46}},"50":{"start":{"line":135,"column":2},"end":{"line":150,"column":3}},"51":{"start":{"line":136,"column":4},"end":{"line":138,"column":6}},"52":{"start":{"line":140,"column":4},"end":{"line":149,"column":6}},"53":{"start":{"line":141,"column":6},"end":{"line":144,"column":8}},"54":{"start":{"line":146,"column":6},"end":{"line":148,"column":8}},"55":{"start":{"line":154,"column":0},"end":{"line":171,"column":2}},"56":{"start":{"line":155,"column":2},"end":{"line":155,"column":46}},"57":{"start":{"line":156,"column":2},"end":{"line":170,"column":3}},"58":{"start":{"line":157,"column":4},"end":{"line":159,"column":6}},"59":{"start":{"line":161,"column":4},"end":{"line":169,"column":6}},"60":{"start":{"line":162,"column":6},"end":{"line":164,"column":8}},"61":{"start":{"line":166,"column":6},"end":{"line":168,"column":8}},"62":{"start":{"line":175,"column":0},"end":{"line":192,"column":2}},"63":{"start":{"line":176,"column":2},"end":{"line":176,"column":46}},"64":{"start":{"line":177,"column":2},"end":{"line":191,"column":3}},"65":{"start":{"line":178,"column":4},"end":{"line":180,"column":6}},"66":{"start":{"line":182,"column":4},"end":{"line":190,"column":6}},"67":{"start":{"line":183,"column":6},"end":{"line":185,"column":8}},"68":{"start":{"line":187,"column":6},"end":{"line":189,"column":8}},"69":{"start":{"line":194,"column":0},"end":{"line":231,"column":2}},"70":{"start":{"line":195,"column":2},"end":{"line":195,"column":56}},"71":{"start":{"line":196,"column":2},"end":{"line":196,"column":36}},"72":{"start":{"line":197,"column":2},"end":{"line":230,"column":3}},"73":{"start":{"line":198,"column":4},"end":{"line":200,"column":6}},"74":{"start":{"line":202,"column":4},"end":{"line":202,"column":123}},"75":{"start":{"line":212,"column":4},"end":{"line":229,"column":6}},"76":{"start":{"line":213,"column":6},"end":{"line":213,"column":58}},"77":{"start":{"line":214,"column":6},"end":{"line":224,"column":7}},"78":{"start":{"line":215,"column":8},"end":{"line":219,"column":10}},"79":{"start":{"line":216,"column":10},"end":{"line":218,"column":12}},"80":{"start":{"line":221,"column":8},"end":{"line":223,"column":10}},"81":{"start":{"line":226,"column":6},"end":{"line":228,"column":8}},"82":{"start":{"line":234,"column":0},"end":{"line":253,"column":2}},"83":{"start":{"line":235,"column":2},"end":{"line":235,"column":56}},"84":{"start":{"line":236,"column":2},"end":{"line":236,"column":68}},"85":{"start":{"line":237,"column":2},"end":{"line":252,"column":3}},"86":{"start":{"line":238,"column":4},"end":{"line":240,"column":6}},"87":{"start":{"line":242,"column":4},"end":{"line":251,"column":6}},"88":{"start":{"line":243,"column":6},"end":{"line":246,"column":8}},"89":{"start":{"line":248,"column":6},"end":{"line":250,"column":8}},"90":{"start":{"line":256,"column":0},"end":{"line":274,"column":2}},"91":{"start":{"line":257,"column":2},"end":{"line":257,"column":56}},"92":{"start":{"line":258,"column":2},"end":{"line":273,"column":3}},"93":{"start":{"line":259,"column":4},"end":{"line":261,"column":6}},"94":{"start":{"line":263,"column":4},"end":{"line":272,"column":6}},"95":{"start":{"line":264,"column":6},"end":{"line":267,"column":8}},"96":{"start":{"line":269,"column":6},"end":{"line":271,"column":8}},"97":{"start":{"line":277,"column":0},"end":{"line":289,"column":2}},"98":{"start":{"line":278,"column":2},"end":{"line":278,"column":38}},"99":{"start":{"line":279,"column":2},"end":{"line":288,"column":4}},"100":{"start":{"line":280,"column":4},"end":{"line":282,"column":6}},"101":{"start":{"line":284,"column":4},"end":{"line":284,"column":20}},"102":{"start":{"line":285,"column":4},"end":{"line":287,"column":6}},"103":{"start":{"line":337,"column":0},"end":{"line":337,"column":23}}},"branchMap":{"1":{"line":113,"type":"if","locations":[{"start":{"line":113,"column":2},"end":{"line":113,"column":2}},{"start":{"line":113,"column":2},"end":{"line":113,"column":2}}]},"2":{"line":135,"type":"if","locations":[{"start":{"line":135,"column":2},"end":{"line":135,"column":2}},{"start":{"line":135,"column":2},"end":{"line":135,"column":2}}]},"3":{"line":156,"type":"if","locations":[{"start":{"line":156,"column":2},"end":{"line":156,"column":2}},{"start":{"line":156,"column":2},"end":{"line":156,"column":2}}]},"4":{"line":177,"type":"if","locations":[{"start":{"line":177,"column":2},"end":{"line":177,"column":2}},{"start":{"line":177,"column":2},"end":{"line":177,"column":2}}]},"5":{"line":197,"type":"if","locations":[{"start":{"line":197,"column":2},"end":{"line":197,"column":2}},{"start":{"line":197,"column":2},"end":{"line":197,"column":2}}]},"6":{"line":237,"type":"if","locations":[{"start":{"line":237,"column":2},"end":{"line":237,"column":2}},{"start":{"line":237,"column":2},"end":{"line":237,"column":2}}]},"7":{"line":237,"type":"binary-expr","locations":[{"start":{"line":237,"column":6},"end":{"line":237,"column":45}},{"start":{"line":237,"column":49},"end":{"line":237,"column":94}}]},"8":{"line":258,"type":"if","locations":[{"start":{"line":258,"column":2},"end":{"line":258,"column":2}},{"start":{"line":258,"column":2},"end":{"line":258,"column":2}}]}}},"/Users/samhessenauer/Documents/Software/git/MatryxExplorer/config.js":{"path":"/Users/samhessenauer/Documents/Software/git/MatryxExplorer/config.js","s":{"1":1},"b":{},"f":{},"fnMap":{},"statementMap":{"1":{"start":{"line":2,"column":0},"end":{"line":5,"column":1}}},"branchMap":{}},"/Users/samhessenauer/Documents/Software/git/MatryxExplorer/api/controllers/roundController.js":{"path":"/Users/samhessenauer/Documents/Software/git/MatryxExplorer/api/controllers/roundController.js","s":{"1":1,"2":1,"3":1,"4":1,"5":1,"6":0,"7":0,"8":0,"9":0,"10":0,"11":0,"12":0,"13":0,"14":0,"15":0,"16":0,"17":0,"18":0,"19":0,"20":0,"21":0,"22":0,"23":0,"24":0,"25":0,"26":1},"b":{},"f":{"1":0,"2":0,"3":0},"fnMap":{"1":{"name":"(anonymous_1)","line":18,"loc":{"start":{"line":18,"column":34},"end":{"line":18,"column":59}}},"2":{"name":"(anonymous_2)","line":41,"loc":{"start":{"line":41,"column":39},"end":{"line":41,"column":57}}},"3":{"name":"(anonymous_3)","line":53,"loc":{"start":{"line":53,"column":13},"end":{"line":53,"column":28}}}},"statementMap":{"1":{"start":{"line":12,"column":0},"end":{"line":12,"column":62}},"2":{"start":{"line":13,"column":0},"end":{"line":13,"column":48}},"3":{"start":{"line":14,"column":0},"end":{"line":14,"column":68}},"4":{"start":{"line":16,"column":0},"end":{"line":16,"column":24}},"5":{"start":{"line":18,"column":0},"end":{"line":57,"column":1}},"6":{"start":{"line":19,"column":2},"end":{"line":19,"column":95}},"7":{"start":{"line":20,"column":2},"end":{"line":20,"column":35}},"8":{"start":{"line":21,"column":2},"end":{"line":56,"column":4}},"9":{"start":{"line":22,"column":4},"end":{"line":29,"column":5}},"10":{"start":{"line":31,"column":4},"end":{"line":31,"column":29}},"11":{"start":{"line":35,"column":4},"end":{"line":35,"column":95}},"12":{"start":{"line":36,"column":4},"end":{"line":36,"column":76}},"13":{"start":{"line":39,"column":4},"end":{"line":39,"column":85}},"14":{"start":{"line":41,"column":4},"end":{"line":55,"column":6}},"15":{"start":{"line":42,"column":6},"end":{"line":42,"column":37}},"16":{"start":{"line":43,"column":6},"end":{"line":43,"column":25}},"17":{"start":{"line":44,"column":6},"end":{"line":44,"column":63}},"18":{"start":{"line":45,"column":6},"end":{"line":45,"column":40}},"19":{"start":{"line":46,"column":6},"end":{"line":46,"column":75}},"20":{"start":{"line":47,"column":6},"end":{"line":47,"column":67}},"21":{"start":{"line":48,"column":6},"end":{"line":48,"column":60}},"22":{"start":{"line":49,"column":6},"end":{"line":49,"column":61}},"23":{"start":{"line":50,"column":6},"end":{"line":50,"column":28}},"24":{"start":{"line":52,"column":6},"end":{"line":52,"column":28}},"25":{"start":{"line":54,"column":6},"end":{"line":54,"column":17}},"26":{"start":{"line":58,"column":0},"end":{"line":58,"column":32}}},"branchMap":{}},"/Users/samhessenauer/Documents/Software/git/MatryxExplorer/api/helpers/ethHelper.js":{"path":"/Users/samhessenauer/Documents/Software/git/MatryxExplorer/api/helpers/ethHelper.js","s":{"1":1,"2":1,"3":0,"4":0,"5":0,"6":0,"7":0,"8":1,"9":0,"10":0,"11":0,"12":0,"13":0,"14":0,"15":1},"b":{"1":[0,0],"2":[0,0],"3":[0,0],"4":[0,0],"5":[0,0,0,0]},"f":{"1":0,"2":0},"fnMap":{"1":{"name":"(anonymous_1)","line":17,"loc":{"start":{"line":17,"column":22},"end":{"line":17,"column":41}}},"2":{"name":"(anonymous_2)","line":37,"loc":{"start":{"line":37,"column":30},"end":{"line":37,"column":49}}}},"statementMap":{"1":{"start":{"line":8,"column":0},"end":{"line":8,"column":18}},"2":{"start":{"line":17,"column":0},"end":{"line":28,"column":1}},"3":{"start":{"line":18,"column":2},"end":{"line":27,"column":3}},"4":{"start":{"line":20,"column":4},"end":{"line":20,"column":16}},"5":{"start":{"line":21,"column":9},"end":{"line":27,"column":3}},"6":{"start":{"line":23,"column":4},"end":{"line":23,"column":15}},"7":{"start":{"line":26,"column":4},"end":{"line":26,"column":37}},"8":{"start":{"line":37,"column":0},"end":{"line":48,"column":1}},"9":{"start":{"line":39,"column":2},"end":{"line":39,"column":37}},"10":{"start":{"line":40,"column":2},"end":{"line":40,"column":47}},"11":{"start":{"line":41,"column":2},"end":{"line":46,"column":3}},"12":{"start":{"line":43,"column":4},"end":{"line":45,"column":5}},"13":{"start":{"line":44,"column":6},"end":{"line":44,"column":18}},"14":{"start":{"line":47,"column":2},"end":{"line":47,"column":13}},"15":{"start":{"line":50,"column":0},"end":{"line":50,"column":26}}},"branchMap":{"1":{"line":18,"type":"if","locations":[{"start":{"line":18,"column":2},"end":{"line":18,"column":2}},{"start":{"line":18,"column":2},"end":{"line":18,"column":2}}]},"2":{"line":21,"type":"if","locations":[{"start":{"line":21,"column":9},"end":{"line":21,"column":9}},{"start":{"line":21,"column":9},"end":{"line":21,"column":9}}]},"3":{"line":21,"type":"binary-expr","locations":[{"start":{"line":21,"column":13},"end":{"line":21,"column":48}},{"start":{"line":21,"column":52},"end":{"line":21,"column":87}}]},"4":{"line":43,"type":"if","locations":[{"start":{"line":43,"column":4},"end":{"line":43,"column":4}},{"start":{"line":43,"column":4},"end":{"line":43,"column":4}}]},"5":{"line":43,"type":"binary-expr","locations":[{"start":{"line":43,"column":9},"end":{"line":43,"column":41}},{"start":{"line":43,"column":45},"end":{"line":43,"column":84}},{"start":{"line":43,"column":90},"end":{"line":43,"column":123}},{"start":{"line":43,"column":127},"end":{"line":43,"column":166}}]}}},"/Users/samhessenauer/Documents/Software/git/MatryxExplorer/api/routes/rounds.js":{"path":"/Users/samhessenauer/Documents/Software/git/MatryxExplorer/api/routes/rounds.js","s":{"1":1,"2":1,"3":1,"4":1,"5":1,"6":1,"7":1,"8":1,"9":0,"10":1,"11":0,"12":0,"13":0,"14":0,"15":0,"16":0,"17":0,"18":1,"19":0,"20":0,"21":0,"22":0,"23":0,"24":0,"25":0,"26":1,"27":0,"28":0,"29":0,"30":0,"31":0,"32":0,"33":0,"34":0,"35":1,"36":0,"37":0,"38":0,"39":0,"40":0,"41":0,"42":0,"43":0,"44":1},"b":{"1":[0,0],"2":[0,0],"3":[0,0]},"f":{"1":0,"2":0,"3":0},"fnMap":{"1":{"name":"(anonymous_1)","line":29,"loc":{"start":{"line":29,"column":59},"end":{"line":29,"column":83}}},"2":{"name":"(anonymous_2)","line":48,"loc":{"start":{"line":48,"column":53},"end":{"line":48,"column":77}}},"3":{"name":"(anonymous_3)","line":73,"loc":{"start":{"line":73,"column":57},"end":{"line":73,"column":81}}}},"statementMap":{"1":{"start":{"line":8,"column":0},"end":{"line":8,"column":34}},"2":{"start":{"line":9,"column":0},"end":{"line":9,"column":31}},"3":{"start":{"line":11,"column":0},"end":{"line":11,"column":75}},"4":{"start":{"line":12,"column":0},"end":{"line":12,"column":65}},"5":{"start":{"line":13,"column":0},"end":{"line":13,"column":81}},"6":{"start":{"line":14,"column":0},"end":{"line":14,"column":49}},"7":{"start":{"line":16,"column":0},"end":{"line":16,"column":48}},"8":{"start":{"line":19,"column":0},"end":{"line":23,"column":2}},"9":{"start":{"line":20,"column":2},"end":{"line":22,"column":4}},"10":{"start":{"line":26,"column":0},"end":{"line":42,"column":2}},"11":{"start":{"line":27,"column":2},"end":{"line":27,"column":34}},"12":{"start":{"line":28,"column":2},"end":{"line":41,"column":3}},"13":{"start":{"line":29,"column":4},"end":{"line":34,"column":6}},"14":{"start":{"line":30,"column":6},"end":{"line":30,"column":31}},"15":{"start":{"line":31,"column":6},"end":{"line":33,"column":8}},"16":{"start":{"line":36,"column":4},"end":{"line":36,"column":40}},"17":{"start":{"line":37,"column":4},"end":{"line":40,"column":6}},"18":{"start":{"line":45,"column":0},"end":{"line":61,"column":2}},"19":{"start":{"line":46,"column":2},"end":{"line":46,"column":34}},"20":{"start":{"line":47,"column":2},"end":{"line":60,"column":3}},"21":{"start":{"line":48,"column":4},"end":{"line":53,"column":6}},"22":{"start":{"line":49,"column":6},"end":{"line":49,"column":31}},"23":{"start":{"line":50,"column":6},"end":{"line":52,"column":8}},"24":{"start":{"line":55,"column":4},"end":{"line":55,"column":40}},"25":{"start":{"line":56,"column":4},"end":{"line":59,"column":6}},"26":{"start":{"line":64,"column":0},"end":{"line":84,"column":2}},"27":{"start":{"line":65,"column":2},"end":{"line":65,"column":39}},"28":{"start":{"line":66,"column":2},"end":{"line":83,"column":3}},"29":{"start":{"line":67,"column":4},"end":{"line":69,"column":6}},"30":{"start":{"line":71,"column":4},"end":{"line":71,"column":78}},"31":{"start":{"line":72,"column":4},"end":{"line":82,"column":5}},"32":{"start":{"line":73,"column":6},"end":{"line":77,"column":8}},"33":{"start":{"line":74,"column":8},"end":{"line":76,"column":10}},"34":{"start":{"line":79,"column":6},"end":{"line":81,"column":8}},"35":{"start":{"line":88,"column":0},"end":{"line":110,"column":2}},"36":{"start":{"line":89,"column":2},"end":{"line":89,"column":40}},"37":{"start":{"line":90,"column":2},"end":{"line":90,"column":51}},"38":{"start":{"line":91,"column":2},"end":{"line":109,"column":3}},"39":{"start":{"line":92,"column":4},"end":{"line":94,"column":6}},"40":{"start":{"line":96,"column":4},"end":{"line":108,"column":6}},"41":{"start":{"line":97,"column":6},"end":{"line":107,"column":7}},"42":{"start":{"line":98,"column":8},"end":{"line":100,"column":10}},"43":{"start":{"line":102,"column":8},"end":{"line":106,"column":10}},"44":{"start":{"line":112,"column":0},"end":{"line":112,"column":23}}},"branchMap":{"1":{"line":66,"type":"if","locations":[{"start":{"line":66,"column":2},"end":{"line":66,"column":2}},{"start":{"line":66,"column":2},"end":{"line":66,"column":2}}]},"2":{"line":91,"type":"if","locations":[{"start":{"line":91,"column":2},"end":{"line":91,"column":2}},{"start":{"line":91,"column":2},"end":{"line":91,"column":2}}]},"3":{"line":97,"type":"if","locations":[{"start":{"line":97,"column":6},"end":{"line":97,"column":6}},{"start":{"line":97,"column":6},"end":{"line":97,"column":6}}]}}},"/Users/samhessenauer/Documents/Software/git/MatryxExplorer/api/routes/submissions.js":{"path":"/Users/samhessenauer/Documents/Software/git/MatryxExplorer/api/routes/submissions.js","s":{"1":1,"2":1,"3":1,"4":1,"5":1,"6":1,"7":1,"8":1,"9":1,"10":1,"11":1,"12":1,"13":1,"14":1,"15":1,"16":1,"17":0,"18":1,"19":0,"20":0,"21":0,"22":0,"23":0,"24":0,"25":0,"26":1,"27":0,"28":0,"29":0,"30":0,"31":0,"32":0,"33":0,"34":1,"35":0,"36":0,"37":0,"38":0,"39":0,"40":0,"41":1,"42":0,"43":0,"44":0,"45":0,"46":0,"47":0,"48":1},"b":{"1":[0,0],"2":[0,0]},"f":{"1":0,"2":0,"3":0,"4":0,"5":0},"fnMap":{"1":{"name":"(anonymous_1)","line":39,"loc":{"start":{"line":39,"column":64},"end":{"line":39,"column":88}}},"2":{"name":"(anonymous_2)","line":57,"loc":{"start":{"line":57,"column":58},"end":{"line":57,"column":82}}},"3":{"name":"(anonymous_3)","line":80,"loc":{"start":{"line":80,"column":72},"end":{"line":80,"column":90}}},"4":{"name":"(anonymous_4)","line":100,"loc":{"start":{"line":100,"column":67},"end":{"line":100,"column":85}}},"5":{"name":"(anonymous_5)","line":104,"loc":{"start":{"line":104,"column":13},"end":{"line":104,"column":28}}}},"statementMap":{"1":{"start":{"line":8,"column":0},"end":{"line":8,"column":34}},"2":{"start":{"line":9,"column":0},"end":{"line":9,"column":41}},"3":{"start":{"line":10,"column":0},"end":{"line":10,"column":40}},"4":{"start":{"line":11,"column":0},"end":{"line":11,"column":26}},"5":{"start":{"line":12,"column":0},"end":{"line":12,"column":24}},"6":{"start":{"line":13,"column":0},"end":{"line":13,"column":28}},"7":{"start":{"line":15,"column":0},"end":{"line":15,"column":75}},"8":{"start":{"line":16,"column":0},"end":{"line":16,"column":75}},"9":{"start":{"line":17,"column":0},"end":{"line":17,"column":61}},"10":{"start":{"line":18,"column":0},"end":{"line":18,"column":65}},"11":{"start":{"line":19,"column":0},"end":{"line":19,"column":49}},"12":{"start":{"line":21,"column":0},"end":{"line":21,"column":31}},"13":{"start":{"line":23,"column":0},"end":{"line":23,"column":52}},"14":{"start":{"line":24,"column":0},"end":{"line":24,"column":68}},"15":{"start":{"line":26,"column":0},"end":{"line":26,"column":48}},"16":{"start":{"line":29,"column":0},"end":{"line":34,"column":2}},"17":{"start":{"line":30,"column":2},"end":{"line":33,"column":4}},"18":{"start":{"line":36,"column":0},"end":{"line":52,"column":2}},"19":{"start":{"line":37,"column":2},"end":{"line":37,"column":34}},"20":{"start":{"line":38,"column":2},"end":{"line":51,"column":3}},"21":{"start":{"line":39,"column":4},"end":{"line":44,"column":6}},"22":{"start":{"line":40,"column":6},"end":{"line":40,"column":31}},"23":{"start":{"line":41,"column":6},"end":{"line":43,"column":8}},"24":{"start":{"line":46,"column":4},"end":{"line":46,"column":40}},"25":{"start":{"line":47,"column":4},"end":{"line":50,"column":6}},"26":{"start":{"line":54,"column":0},"end":{"line":70,"column":2}},"27":{"start":{"line":55,"column":2},"end":{"line":55,"column":34}},"28":{"start":{"line":56,"column":2},"end":{"line":69,"column":3}},"29":{"start":{"line":57,"column":4},"end":{"line":62,"column":6}},"30":{"start":{"line":58,"column":6},"end":{"line":58,"column":31}},"31":{"start":{"line":59,"column":6},"end":{"line":61,"column":8}},"32":{"start":{"line":64,"column":4},"end":{"line":64,"column":40}},"33":{"start":{"line":65,"column":4},"end":{"line":68,"column":6}},"34":{"start":{"line":73,"column":0},"end":{"line":90,"column":2}},"35":{"start":{"line":74,"column":2},"end":{"line":74,"column":46}},"36":{"start":{"line":75,"column":2},"end":{"line":89,"column":3}},"37":{"start":{"line":76,"column":4},"end":{"line":78,"column":6}},"38":{"start":{"line":80,"column":4},"end":{"line":88,"column":6}},"39":{"start":{"line":81,"column":6},"end":{"line":83,"column":8}},"40":{"start":{"line":85,"column":6},"end":{"line":87,"column":8}},"41":{"start":{"line":93,"column":0},"end":{"line":110,"column":2}},"42":{"start":{"line":94,"column":2},"end":{"line":94,"column":46}},"43":{"start":{"line":95,"column":2},"end":{"line":109,"column":3}},"44":{"start":{"line":96,"column":4},"end":{"line":98,"column":6}},"45":{"start":{"line":100,"column":4},"end":{"line":108,"column":6}},"46":{"start":{"line":101,"column":6},"end":{"line":103,"column":8}},"47":{"start":{"line":105,"column":6},"end":{"line":107,"column":8}},"48":{"start":{"line":147,"column":0},"end":{"line":147,"column":23}}},"branchMap":{"1":{"line":75,"type":"if","locations":[{"start":{"line":75,"column":2},"end":{"line":75,"column":2}},{"start":{"line":75,"column":2},"end":{"line":75,"column":2}}]},"2":{"line":95,"type":"if","locations":[{"start":{"line":95,"column":2},"end":{"line":95,"column":2}},{"start":{"line":95,"column":2},"end":{"line":95,"column":2}}]}}},"/Users/samhessenauer/Documents/Software/git/MatryxExplorer/api/controllers/submissionController.js":{"path":"/Users/samhessenauer/Documents/Software/git/MatryxExplorer/api/controllers/submissionController.js","s":{"1":1,"2":1,"3":1,"4":1,"5":1,"6":0,"7":0,"8":0,"9":0,"10":1,"11":0,"12":0,"13":0,"14":0,"15":0,"16":0,"17":1,"18":0,"19":0,"20":0,"21":0,"22":0,"23":0,"24":1,"25":0,"26":0,"27":0,"28":0,"29":0,"30":0,"31":0,"32":0,"33":0,"34":0,"35":0,"36":0,"37":0,"38":0,"39":0,"40":0,"41":0,"42":0,"43":0,"44":0,"45":0,"46":0,"47":0,"48":0,"49":0,"50":0,"51":0,"52":0,"53":0,"54":0,"55":1,"56":0,"57":0,"58":0,"59":0,"60":0,"61":0,"62":1},"b":{},"f":{"1":0,"2":0,"3":0,"4":0,"5":0,"6":0,"7":0,"8":0,"9":0,"10":0,"11":0},"fnMap":{"1":{"name":"(anonymous_1)","line":17,"loc":{"start":{"line":17,"column":51},"end":{"line":17,"column":81}}},"2":{"name":"(anonymous_2)","line":19,"loc":{"start":{"line":19,"column":69},"end":{"line":19,"column":87}}},"3":{"name":"(anonymous_3)","line":27,"loc":{"start":{"line":27,"column":48},"end":{"line":27,"column":89}}},"4":{"name":"(anonymous_4)","line":30,"loc":{"start":{"line":30,"column":42},"end":{"line":30,"column":60}}},"5":{"name":"(anonymous_5)","line":39,"loc":{"start":{"line":39,"column":36},"end":{"line":39,"column":54}}},"6":{"name":"(anonymous_6)","line":42,"loc":{"start":{"line":42,"column":40},"end":{"line":42,"column":58}}},"7":{"name":"(anonymous_7)","line":51,"loc":{"start":{"line":51,"column":46},"end":{"line":51,"column":76}}},"8":{"name":"(anonymous_8)","line":92,"loc":{"start":{"line":92,"column":42},"end":{"line":92,"column":60}}},"9":{"name":"(anonymous_9)","line":111,"loc":{"start":{"line":111,"column":13},"end":{"line":111,"column":28}}},"10":{"name":"(anonymous_10)","line":117,"loc":{"start":{"line":117,"column":54},"end":{"line":117,"column":90}}},"11":{"name":"(anonymous_11)","line":120,"loc":{"start":{"line":120,"column":76},"end":{"line":120,"column":94}}}},"statementMap":{"1":{"start":{"line":11,"column":0},"end":{"line":11,"column":62}},"2":{"start":{"line":12,"column":0},"end":{"line":12,"column":48}},"3":{"start":{"line":13,"column":0},"end":{"line":13,"column":68}},"4":{"start":{"line":15,"column":0},"end":{"line":15,"column":29}},"5":{"start":{"line":17,"column":0},"end":{"line":25,"column":1}},"6":{"start":{"line":18,"column":2},"end":{"line":24,"column":4}},"7":{"start":{"line":19,"column":4},"end":{"line":23,"column":6}},"8":{"start":{"line":20,"column":6},"end":{"line":20,"column":21}},"9":{"start":{"line":22,"column":6},"end":{"line":22,"column":17}},"10":{"start":{"line":27,"column":0},"end":{"line":37,"column":1}},"11":{"start":{"line":28,"column":2},"end":{"line":36,"column":4}},"12":{"start":{"line":29,"column":4},"end":{"line":29,"column":41}},"13":{"start":{"line":30,"column":4},"end":{"line":35,"column":6}},"14":{"start":{"line":31,"column":6},"end":{"line":31,"column":25}},"15":{"start":{"line":32,"column":6},"end":{"line":32,"column":21}},"16":{"start":{"line":34,"column":6},"end":{"line":34,"column":17}},"17":{"start":{"line":39,"column":0},"end":{"line":49,"column":1}},"18":{"start":{"line":40,"column":2},"end":{"line":48,"column":4}},"19":{"start":{"line":41,"column":4},"end":{"line":41,"column":41}},"20":{"start":{"line":42,"column":4},"end":{"line":47,"column":6}},"21":{"start":{"line":43,"column":6},"end":{"line":43,"column":25}},"22":{"start":{"line":44,"column":6},"end":{"line":44,"column":21}},"23":{"start":{"line":46,"column":6},"end":{"line":46,"column":17}},"24":{"start":{"line":51,"column":0},"end":{"line":115,"column":1}},"25":{"start":{"line":52,"column":2},"end":{"line":52,"column":118}},"26":{"start":{"line":53,"column":2},"end":{"line":114,"column":4}},"27":{"start":{"line":54,"column":4},"end":{"line":54,"column":32}},"28":{"start":{"line":56,"column":4},"end":{"line":70,"column":5}},"29":{"start":{"line":71,"column":4},"end":{"line":77,"column":5}},"30":{"start":{"line":79,"column":4},"end":{"line":79,"column":88}},"31":{"start":{"line":80,"column":4},"end":{"line":80,"column":89}},"32":{"start":{"line":81,"column":4},"end":{"line":81,"column":94}},"33":{"start":{"line":82,"column":4},"end":{"line":82,"column":95}},"34":{"start":{"line":83,"column":4},"end":{"line":83,"column":93}},"35":{"start":{"line":84,"column":4},"end":{"line":84,"column":91}},"36":{"start":{"line":85,"column":4},"end":{"line":85,"column":98}},"37":{"start":{"line":88,"column":4},"end":{"line":88,"column":96}},"38":{"start":{"line":89,"column":4},"end":{"line":89,"column":93}},"39":{"start":{"line":92,"column":4},"end":{"line":113,"column":6}},"40":{"start":{"line":94,"column":6},"end":{"line":94,"column":78}},"41":{"start":{"line":95,"column":6},"end":{"line":95,"column":48}},"42":{"start":{"line":96,"column":6},"end":{"line":96,"column":59}},"43":{"start":{"line":97,"column":6},"end":{"line":97,"column":49}},"44":{"start":{"line":98,"column":6},"end":{"line":98,"column":38}},"45":{"start":{"line":99,"column":6},"end":{"line":99,"column":54}},"46":{"start":{"line":100,"column":6},"end":{"line":100,"column":56}},"47":{"start":{"line":101,"column":6},"end":{"line":101,"column":53}},"48":{"start":{"line":102,"column":6},"end":{"line":102,"column":51}},"49":{"start":{"line":103,"column":6},"end":{"line":103,"column":58}},"50":{"start":{"line":105,"column":6},"end":{"line":105,"column":48}},"51":{"start":{"line":106,"column":6},"end":{"line":106,"column":47}},"52":{"start":{"line":107,"column":6},"end":{"line":107,"column":43}},"53":{"start":{"line":110,"column":6},"end":{"line":110,"column":29}},"54":{"start":{"line":112,"column":6},"end":{"line":112,"column":17}},"55":{"start":{"line":117,"column":0},"end":{"line":127,"column":1}},"56":{"start":{"line":118,"column":2},"end":{"line":126,"column":4}},"57":{"start":{"line":119,"column":4},"end":{"line":119,"column":41}},"58":{"start":{"line":120,"column":4},"end":{"line":125,"column":6}},"59":{"start":{"line":121,"column":6},"end":{"line":121,"column":25}},"60":{"start":{"line":122,"column":6},"end":{"line":122,"column":21}},"61":{"start":{"line":124,"column":6},"end":{"line":124,"column":17}},"62":{"start":{"line":199,"column":0},"end":{"line":199,"column":37}}},"branchMap":{}},"/Users/samhessenauer/Documents/Software/git/MatryxExplorer/api/controllers/gateway/fileHandler.js":{"path":"/Users/samhessenauer/Documents/Software/git/MatryxExplorer/api/controllers/gateway/fileHandler.js","s":{"1":1,"2":1,"3":1,"4":0,"5":0,"6":0,"7":0,"8":0,"9":0,"10":0,"11":0,"12":1},"b":{"1":[0,0]},"f":{"1":0,"2":0},"fnMap":{"1":{"name":"(anonymous_1)","line":11,"loc":{"start":{"line":11,"column":36},"end":{"line":11,"column":69}}},"2":{"name":"(anonymous_2)","line":14,"loc":{"start":{"line":14,"column":19},"end":{"line":14,"column":36}}}},"statementMap":{"1":{"start":{"line":8,"column":0},"end":{"line":8,"column":20}},"2":{"start":{"line":9,"column":0},"end":{"line":9,"column":30}},"3":{"start":{"line":11,"column":0},"end":{"line":27,"column":1}},"4":{"start":{"line":12,"column":2},"end":{"line":26,"column":4}},"5":{"start":{"line":14,"column":4},"end":{"line":25,"column":6}},"6":{"start":{"line":15,"column":6},"end":{"line":24,"column":7}},"7":{"start":{"line":17,"column":8},"end":{"line":17,"column":29}},"8":{"start":{"line":18,"column":8},"end":{"line":18,"column":50}},"9":{"start":{"line":19,"column":8},"end":{"line":19,"column":59}},"10":{"start":{"line":20,"column":8},"end":{"line":20,"column":36}},"11":{"start":{"line":23,"column":8},"end":{"line":23,"column":52}},"12":{"start":{"line":29,"column":0},"end":{"line":29,"column":28}}},"branchMap":{"1":{"line":15,"type":"if","locations":[{"start":{"line":15,"column":6},"end":{"line":15,"column":6}},{"start":{"line":15,"column":6},"end":{"line":15,"column":6}}]}}},"/Users/samhessenauer/Documents/Software/git/MatryxExplorer/api/routes/activity.js":{"path":"/Users/samhessenauer/Documents/Software/git/MatryxExplorer/api/routes/activity.js","s":{"1":1,"2":1,"3":1,"4":1,"5":0,"6":0,"7":1},"b":{},"f":{"1":0},"fnMap":{"1":{"name":"(anonymous_1)","line":16,"loc":{"start":{"line":16,"column":49},"end":{"line":16,"column":67}}}},"statementMap":{"1":{"start":{"line":8,"column":0},"end":{"line":8,"column":34}},"2":{"start":{"line":9,"column":0},"end":{"line":9,"column":31}},"3":{"start":{"line":12,"column":0},"end":{"line":12,"column":81}},"4":{"start":{"line":15,"column":0},"end":{"line":21,"column":2}},"5":{"start":{"line":16,"column":2},"end":{"line":20,"column":4}},"6":{"start":{"line":17,"column":4},"end":{"line":19,"column":6}},"7":{"start":{"line":23,"column":0},"end":{"line":23,"column":23}}},"branchMap":{}},"/Users/samhessenauer/Documents/Software/git/MatryxExplorer/api/routes/token.js":{"path":"/Users/samhessenauer/Documents/Software/git/MatryxExplorer/api/routes/token.js","s":{"1":1,"2":1,"3":1,"4":1,"5":0,"6":1,"7":0,"8":0,"9":0,"10":1,"11":0,"12":0,"13":0,"14":1,"15":0,"16":0,"17":0,"18":1},"b":{},"f":{},"fnMap":{},"statementMap":{"1":{"start":{"line":8,"column":0},"end":{"line":8,"column":34}},"2":{"start":{"line":9,"column":0},"end":{"line":9,"column":47}},"3":{"start":{"line":11,"column":0},"end":{"line":11,"column":31}},"4":{"start":{"line":14,"column":0},"end":{"line":18,"column":2}},"5":{"start":{"line":15,"column":2},"end":{"line":17,"column":4}},"6":{"start":{"line":21,"column":0},"end":{"line":31,"column":2}},"7":{"start":{"line":22,"column":2},"end":{"line":30,"column":3}},"8":{"start":{"line":23,"column":4},"end":{"line":25,"column":6}},"9":{"start":{"line":27,"column":4},"end":{"line":29,"column":6}},"10":{"start":{"line":34,"column":0},"end":{"line":44,"column":2}},"11":{"start":{"line":35,"column":2},"end":{"line":43,"column":3}},"12":{"start":{"line":36,"column":4},"end":{"line":38,"column":6}},"13":{"start":{"line":40,"column":4},"end":{"line":42,"column":6}},"14":{"start":{"line":47,"column":0},"end":{"line":58,"column":2}},"15":{"start":{"line":48,"column":2},"end":{"line":57,"column":3}},"16":{"start":{"line":49,"column":4},"end":{"line":52,"column":6}},"17":{"start":{"line":54,"column":4},"end":{"line":56,"column":6}},"18":{"start":{"line":60,"column":0},"end":{"line":60,"column":23}}},"branchMap":{}},"/Users/samhessenauer/Documents/Software/git/MatryxExplorer/api/routes/ipfs.js":{"path":"/Users/samhessenauer/Documents/Software/git/MatryxExplorer/api/routes/ipfs.js","s":{"1":1,"2":1,"3":1,"4":1,"5":1,"6":1,"7":1,"8":1,"9":1,"10":1,"11":1,"12":1,"13":0,"14":1,"15":0,"16":0,"17":0,"18":0,"19":0,"20":1,"21":0,"22":0,"23":0,"24":0,"25":0,"26":1,"27":0,"28":0,"29":0,"30":0,"31":0,"32":0,"33":1,"34":0,"35":0,"36":0,"37":0,"38":0,"39":0,"40":0,"41":0,"42":0,"43":0,"44":0,"45":0,"46":0,"47":0,"48":0,"49":0,"50":0,"51":0,"52":0,"53":0,"54":0,"55":0,"56":0,"57":0,"58":0,"59":0,"60":0,"61":0,"62":0,"63":0,"64":0,"65":0,"66":0,"67":0,"68":0,"69":1},"b":{"1":[0,0],"2":[0,0],"3":[0,0],"4":[0,0]},"f":{"1":0,"2":0,"3":0,"4":0,"5":0,"6":0,"7":0,"8":0,"9":0,"10":0,"11":0,"12":0,"13":0,"14":0,"15":0},"fnMap":{"1":{"name":"(anonymous_1)","line":34,"loc":{"start":{"line":34,"column":40},"end":{"line":34,"column":58}}},"2":{"name":"(anonymous_2)","line":48,"loc":{"start":{"line":48,"column":46},"end":{"line":48,"column":64}}},"3":{"name":"(anonymous_3)","line":53,"loc":{"start":{"line":53,"column":11},"end":{"line":53,"column":26}}},"4":{"name":"(anonymous_4)","line":68,"loc":{"start":{"line":68,"column":63},"end":{"line":68,"column":81}}},"5":{"name":"(anonymous_5)","line":72,"loc":{"start":{"line":72,"column":13},"end":{"line":72,"column":28}}},"6":{"name":"(anonymous_6)","line":103,"loc":{"start":{"line":103,"column":19},"end":{"line":103,"column":43}}},"7":{"name":"(anonymous_7)","line":107,"loc":{"start":{"line":107,"column":18},"end":{"line":107,"column":41}}},"8":{"name":"(anonymous_8)","line":111,"loc":{"start":{"line":111,"column":22},"end":{"line":111,"column":62}}},"9":{"name":"(anonymous_9)","line":115,"loc":{"start":{"line":115,"column":17},"end":{"line":115,"column":29}}},"10":{"name":"(anonymous_10)","line":124,"loc":{"start":{"line":124,"column":22},"end":{"line":124,"column":38}}},"11":{"name":"(anonymous_11)","line":125,"loc":{"start":{"line":125,"column":71},"end":{"line":125,"column":86}}},"12":{"name":"(anonymous_12)","line":130,"loc":{"start":{"line":130,"column":23},"end":{"line":130,"column":40}}},"13":{"name":"(anonymous_13)","line":137,"loc":{"start":{"line":137,"column":86},"end":{"line":137,"column":104}}},"14":{"name":"(anonymous_14)","line":146,"loc":{"start":{"line":146,"column":72},"end":{"line":146,"column":90}}},"15":{"name":"(anonymous_15)","line":153,"loc":{"start":{"line":153,"column":58},"end":{"line":153,"column":84}}}},"statementMap":{"1":{"start":{"line":8,"column":0},"end":{"line":8,"column":34}},"2":{"start":{"line":9,"column":0},"end":{"line":9,"column":41}},"3":{"start":{"line":10,"column":0},"end":{"line":10,"column":40}},"4":{"start":{"line":11,"column":0},"end":{"line":11,"column":26}},"5":{"start":{"line":12,"column":0},"end":{"line":12,"column":24}},"6":{"start":{"line":13,"column":0},"end":{"line":13,"column":28}},"7":{"start":{"line":14,"column":0},"end":{"line":14,"column":31}},"8":{"start":{"line":16,"column":0},"end":{"line":16,"column":75}},"9":{"start":{"line":17,"column":0},"end":{"line":17,"column":81}},"10":{"start":{"line":18,"column":0},"end":{"line":18,"column":61}},"11":{"start":{"line":19,"column":0},"end":{"line":19,"column":49}},"12":{"start":{"line":24,"column":0},"end":{"line":28,"column":2}},"13":{"start":{"line":25,"column":2},"end":{"line":27,"column":4}},"14":{"start":{"line":30,"column":0},"end":{"line":43,"column":2}},"15":{"start":{"line":31,"column":2},"end":{"line":31,"column":28}},"16":{"start":{"line":33,"column":2},"end":{"line":33,"column":59}},"17":{"start":{"line":34,"column":2},"end":{"line":42,"column":4}},"18":{"start":{"line":35,"column":4},"end":{"line":41,"column":6}},"19":{"start":{"line":38,"column":6},"end":{"line":40,"column":8}},"20":{"start":{"line":45,"column":0},"end":{"line":58,"column":2}},"21":{"start":{"line":46,"column":2},"end":{"line":46,"column":28}},"22":{"start":{"line":48,"column":2},"end":{"line":57,"column":4}},"23":{"start":{"line":49,"column":4},"end":{"line":49,"column":51}},"24":{"start":{"line":50,"column":4},"end":{"line":52,"column":6}},"25":{"start":{"line":54,"column":4},"end":{"line":56,"column":6}},"26":{"start":{"line":60,"column":0},"end":{"line":78,"column":2}},"27":{"start":{"line":61,"column":2},"end":{"line":61,"column":34}},"28":{"start":{"line":63,"column":2},"end":{"line":77,"column":3}},"29":{"start":{"line":64,"column":4},"end":{"line":66,"column":6}},"30":{"start":{"line":68,"column":4},"end":{"line":76,"column":6}},"31":{"start":{"line":69,"column":6},"end":{"line":71,"column":8}},"32":{"start":{"line":73,"column":6},"end":{"line":75,"column":8}},"33":{"start":{"line":91,"column":0},"end":{"line":169,"column":2}},"34":{"start":{"line":92,"column":2},"end":{"line":94,"column":15}},"35":{"start":{"line":96,"column":2},"end":{"line":96,"column":28}},"36":{"start":{"line":97,"column":2},"end":{"line":97,"column":35}},"37":{"start":{"line":99,"column":2},"end":{"line":99,"column":30}},"38":{"start":{"line":102,"column":2},"end":{"line":167,"column":8}},"39":{"start":{"line":105,"column":8},"end":{"line":105,"column":35}},"40":{"start":{"line":109,"column":8},"end":{"line":109,"column":33}},"41":{"start":{"line":112,"column":8},"end":{"line":112,"column":63}},"42":{"start":{"line":113,"column":8},"end":{"line":113,"column":52}},"43":{"start":{"line":117,"column":8},"end":{"line":117,"column":41}},"44":{"start":{"line":119,"column":8},"end":{"line":119,"column":39}},"45":{"start":{"line":124,"column":8},"end":{"line":128,"column":10}},"46":{"start":{"line":125,"column":10},"end":{"line":127,"column":12}},"47":{"start":{"line":126,"column":12},"end":{"line":126,"column":49}},"48":{"start":{"line":126,"column":21},"end":{"line":126,"column":49}},"49":{"start":{"line":130,"column":8},"end":{"line":150,"column":10}},"50":{"start":{"line":132,"column":10},"end":{"line":140,"column":11}},"51":{"start":{"line":133,"column":12},"end":{"line":133,"column":33}},"52":{"start":{"line":134,"column":12},"end":{"line":134,"column":54}},"53":{"start":{"line":135,"column":12},"end":{"line":135,"column":64}},"54":{"start":{"line":137,"column":12},"end":{"line":139,"column":14}},"55":{"start":{"line":138,"column":14},"end":{"line":138,"column":33}},"56":{"start":{"line":142,"column":10},"end":{"line":149,"column":11}},"57":{"start":{"line":143,"column":12},"end":{"line":143,"column":33}},"58":{"start":{"line":144,"column":12},"end":{"line":144,"column":47}},"59":{"start":{"line":145,"column":12},"end":{"line":145,"column":58}},"60":{"start":{"line":146,"column":12},"end":{"line":148,"column":14}},"61":{"start":{"line":147,"column":14},"end":{"line":147,"column":33}},"62":{"start":{"line":153,"column":8},"end":{"line":159,"column":10}},"63":{"start":{"line":155,"column":10},"end":{"line":157,"column":12}},"64":{"start":{"line":161,"column":8},"end":{"line":166,"column":10}},"65":{"start":{"line":162,"column":10},"end":{"line":162,"column":61}},"66":{"start":{"line":163,"column":10},"end":{"line":165,"column":12}},"67":{"start":{"line":164,"column":12},"end":{"line":164,"column":29}},"68":{"start":{"line":168,"column":2},"end":{"line":168,"column":17}},"69":{"start":{"line":171,"column":0},"end":{"line":171,"column":23}}},"branchMap":{"1":{"line":63,"type":"if","locations":[{"start":{"line":63,"column":2},"end":{"line":63,"column":2}},{"start":{"line":63,"column":2},"end":{"line":63,"column":2}}]},"2":{"line":126,"type":"if","locations":[{"start":{"line":126,"column":12},"end":{"line":126,"column":12}},{"start":{"line":126,"column":12},"end":{"line":126,"column":12}}]},"3":{"line":132,"type":"if","locations":[{"start":{"line":132,"column":10},"end":{"line":132,"column":10}},{"start":{"line":132,"column":10},"end":{"line":132,"column":10}}]},"4":{"line":142,"type":"if","locations":[{"start":{"line":142,"column":10},"end":{"line":142,"column":10}},{"start":{"line":142,"column":10},"end":{"line":142,"column":10}}]}}},"/Users/samhessenauer/Documents/Software/git/MatryxExplorer/tempApi/platform.js":{"path":"/Users/samhessenauer/Documents/Software/git/MatryxExplorer/tempApi/platform.js","s":{"1":1,"2":1,"3":1,"4":0,"5":1},"b":{},"f":{},"fnMap":{},"statementMap":{"1":{"start":{"line":8,"column":0},"end":{"line":8,"column":34}},"2":{"start":{"line":9,"column":0},"end":{"line":9,"column":31}},"3":{"start":{"line":12,"column":0},"end":{"line":17,"column":2}},"4":{"start":{"line":13,"column":2},"end":{"line":16,"column":4}},"5":{"start":{"line":19,"column":0},"end":{"line":19,"column":23}}},"branchMap":{}},"/Users/samhessenauer/Documents/Software/git/MatryxExplorer/tempApi/tournaments.js":{"path":"/Users/samhessenauer/Documents/Software/git/MatryxExplorer/tempApi/tournaments.js","s":{"1":1,"2":1,"3":1,"4":0,"5":0,"6":1,"7":0,"8":0,"9":0,"10":1,"11":0,"12":0,"13":0,"14":1,"15":0,"16":0,"17":0,"18":0,"19":1},"b":{},"f":{},"fnMap":{},"statementMap":{"1":{"start":{"line":8,"column":0},"end":{"line":8,"column":34}},"2":{"start":{"line":9,"column":0},"end":{"line":9,"column":31}},"3":{"start":{"line":12,"column":0},"end":{"line":64,"column":2}},"4":{"start":{"line":13,"column":2},"end":{"line":57,"column":3}},"5":{"start":{"line":58,"column":2},"end":{"line":61,"column":4}},"6":{"start":{"line":67,"column":0},"end":{"line":108,"column":2}},"7":{"start":{"line":68,"column":2},"end":{"line":68,"column":36}},"8":{"start":{"line":69,"column":2},"end":{"line":103,"column":3}},"9":{"start":{"line":104,"column":2},"end":{"line":107,"column":4}},"10":{"start":{"line":111,"column":0},"end":{"line":149,"column":2}},"11":{"start":{"line":112,"column":2},"end":{"line":112,"column":46}},"12":{"start":{"line":113,"column":2},"end":{"line":144,"column":3}},"13":{"start":{"line":145,"column":2},"end":{"line":148,"column":4}},"14":{"start":{"line":152,"column":0},"end":{"line":197,"column":2}},"15":{"start":{"line":153,"column":2},"end":{"line":153,"column":31}},"16":{"start":{"line":154,"column":2},"end":{"line":154,"column":46}},"17":{"start":{"line":155,"column":2},"end":{"line":191,"column":5}},"18":{"start":{"line":193,"column":2},"end":{"line":196,"column":4}},"19":{"start":{"line":199,"column":0},"end":{"line":199,"column":23}}},"branchMap":{}},"/Users/samhessenauer/Documents/Software/git/MatryxExplorer/tempApi/rounds.js":{"path":"/Users/samhessenauer/Documents/Software/git/MatryxExplorer/tempApi/rounds.js","s":{"1":1,"2":1,"3":1,"4":0,"5":1,"6":0,"7":0,"8":0,"9":1,"10":0,"11":0,"12":0,"13":1,"14":0,"15":0,"16":0,"17":1},"b":{},"f":{},"fnMap":{},"statementMap":{"1":{"start":{"line":8,"column":0},"end":{"line":8,"column":34}},"2":{"start":{"line":9,"column":0},"end":{"line":9,"column":31}},"3":{"start":{"line":12,"column":0},"end":{"line":16,"column":2}},"4":{"start":{"line":13,"column":2},"end":{"line":15,"column":4}},"5":{"start":{"line":20,"column":0},"end":{"line":53,"column":2}},"6":{"start":{"line":21,"column":2},"end":{"line":21,"column":41}},"7":{"start":{"line":22,"column":2},"end":{"line":48,"column":3}},"8":{"start":{"line":49,"column":2},"end":{"line":52,"column":4}},"9":{"start":{"line":56,"column":0},"end":{"line":88,"column":2}},"10":{"start":{"line":57,"column":2},"end":{"line":57,"column":36}},"11":{"start":{"line":59,"column":2},"end":{"line":83,"column":3}},"12":{"start":{"line":84,"column":2},"end":{"line":87,"column":4}},"13":{"start":{"line":91,"column":0},"end":{"line":123,"column":2}},"14":{"start":{"line":92,"column":2},"end":{"line":92,"column":41}},"15":{"start":{"line":94,"column":2},"end":{"line":118,"column":3}},"16":{"start":{"line":119,"column":2},"end":{"line":122,"column":4}},"17":{"start":{"line":131,"column":0},"end":{"line":131,"column":23}}},"branchMap":{}},"/Users/samhessenauer/Documents/Software/git/MatryxExplorer/tempApi/activity.js":{"path":"/Users/samhessenauer/Documents/Software/git/MatryxExplorer/tempApi/activity.js","s":{"1":1,"2":1,"3":1,"4":0,"5":0,"6":1},"b":{},"f":{},"fnMap":{},"statementMap":{"1":{"start":{"line":8,"column":0},"end":{"line":8,"column":34}},"2":{"start":{"line":9,"column":0},"end":{"line":9,"column":31}},"3":{"start":{"line":12,"column":0},"end":{"line":37,"column":2}},"4":{"start":{"line":13,"column":2},"end":{"line":32,"column":3}},"5":{"start":{"line":33,"column":2},"end":{"line":36,"column":4}},"6":{"start":{"line":39,"column":0},"end":{"line":39,"column":23}}},"branchMap":{}},"/Users/samhessenauer/Documents/Software/git/MatryxExplorer/tempApi/submissions.js":{"path":"/Users/samhessenauer/Documents/Software/git/MatryxExplorer/tempApi/submissions.js","s":{"1":1,"2":1,"3":1,"4":0,"5":1,"6":0,"7":0,"8":0,"9":1,"10":0,"11":0,"12":0,"13":1},"b":{},"f":{},"fnMap":{},"statementMap":{"1":{"start":{"line":8,"column":0},"end":{"line":8,"column":34}},"2":{"start":{"line":9,"column":0},"end":{"line":9,"column":31}},"3":{"start":{"line":12,"column":0},"end":{"line":16,"column":2}},"4":{"start":{"line":13,"column":2},"end":{"line":15,"column":4}},"5":{"start":{"line":19,"column":0},"end":{"line":61,"column":2}},"6":{"start":{"line":20,"column":2},"end":{"line":20,"column":36}},"7":{"start":{"line":21,"column":2},"end":{"line":56,"column":3}},"8":{"start":{"line":57,"column":2},"end":{"line":60,"column":4}},"9":{"start":{"line":64,"column":0},"end":{"line":106,"column":2}},"10":{"start":{"line":65,"column":2},"end":{"line":65,"column":46}},"11":{"start":{"line":66,"column":2},"end":{"line":101,"column":3}},"12":{"start":{"line":102,"column":2},"end":{"line":105,"column":4}},"13":{"start":{"line":114,"column":0},"end":{"line":114,"column":23}}},"branchMap":{}}}