TN:
SF:/Users/samhessenauer/Documents/Software/git/MatryxExplorer/server.js
FNF:0
FNH:0
DA:1,1
DA:2,1
DA:4,1
DA:5,1
DA:7,1
LF:5
LH:5
BRDA:4,1,0,1
BRDA:4,1,1,1
BRF:2
BRH:2
end_of_record
TN:
SF:/Users/samhessenauer/Documents/Software/git/MatryxExplorer/app.js
FNF:0
FNH:0
DA:1,1
DA:2,1
DA:3,1
DA:4,1
DA:5,1
DA:6,1
DA:7,1
DA:10,1
DA:11,1
DA:13,1
DA:14,1
DA:15,1
DA:16,1
DA:17,1
DA:18,1
DA:19,1
DA:22,1
DA:23,1
DA:24,1
DA:25,1
DA:26,1
DA:29,1
DA:30,1
DA:31,1
DA:32,1
DA:33,1
DA:35,1
DA:36,1
DA:37,1
DA:38,1
DA:39,1
DA:40,1
DA:41,1
DA:44,1
DA:45,1
DA:46,1
DA:47,1
DA:48,1
DA:50,1
DA:54,1
DA:55,0
DA:56,0
DA:57,0
DA:60,1
DA:61,0
DA:62,0
DA:69,1
LF:47
LH:42
BRDA:61,1,0,0
BRDA:61,1,1,0
BRF:2
BRH:0
end_of_record
TN:
SF:/Users/samhessenauer/Documents/Software/git/MatryxExplorer/api/controllers/gateway/externalApiCalls.js
FN:14,(anonymous_1)
FN:26,(anonymous_2)
FN:31,(anonymous_3)
FN:38,(anonymous_4)
FN:50,(anonymous_5)
FN:56,(anonymous_6)
FN:62,(anonymous_7)
FN:74,(anonymous_8)
FN:78,(anonymous_9)
FN:84,(anonymous_10)
FN:95,(anonymous_11)
FN:99,(anonymous_12)
FN:106,(anonymous_13)
FN:117,(anonymous_14)
FN:121,(anonymous_15)
FN:128,(anonymous_16)
FN:139,(anonymous_17)
FN:143,(anonymous_18)
FN:150,(anonymous_19)
FN:154,(anonymous_20)
FNF:20
FNH:4
FNDA:1,(anonymous_1)
FNDA:0,(anonymous_2)
FNDA:0,(anonymous_3)
FNDA:0,(anonymous_4)
FNDA:0,(anonymous_5)
FNDA:0,(anonymous_6)
FNDA:0,(anonymous_7)
FNDA:0,(anonymous_8)
FNDA:0,(anonymous_9)
FNDA:1,(anonymous_10)
FNDA:0,(anonymous_11)
FNDA:0,(anonymous_12)
FNDA:1,(anonymous_13)
FNDA:0,(anonymous_14)
FNDA:0,(anonymous_15)
FNDA:1,(anonymous_16)
FNDA:0,(anonymous_17)
FNDA:0,(anonymous_18)
FNDA:0,(anonymous_19)
FNDA:0,(anonymous_20)
DA:9,1
DA:10,1
DA:12,1
DA:14,1
DA:15,1
DA:16,1
DA:17,0
DA:18,0
DA:20,1
DA:21,0
DA:22,0
DA:24,1
DA:26,1
DA:27,0
DA:28,0
DA:30,0
DA:32,0
DA:38,1
DA:39,0
DA:40,0
DA:41,0
DA:42,0
DA:44,0
DA:45,0
DA:46,0
DA:48,0
DA:50,0
DA:51,0
DA:52,0
DA:53,0
DA:55,0
DA:57,0
DA:62,1
DA:63,0
DA:64,0
DA:65,0
DA:66,0
DA:68,0
DA:69,0
DA:70,0
DA:72,0
DA:74,0
DA:75,0
DA:76,0
DA:77,0
DA:79,0
DA:84,1
DA:85,1
DA:86,1
DA:87,0
DA:89,1
DA:90,0
DA:91,0
DA:93,1
DA:95,1
DA:96,0
DA:97,0
DA:98,0
DA:100,0
DA:106,1
DA:107,1
DA:108,1
DA:109,0
DA:111,1
DA:112,0
DA:113,0
DA:115,1
DA:117,1
DA:118,0
DA:119,0
DA:120,0
DA:122,0
DA:128,1
DA:129,1
DA:130,1
DA:131,0
DA:133,1
DA:134,0
DA:135,0
DA:137,1
DA:139,1
DA:140,0
DA:141,0
DA:142,0
DA:144,0
DA:150,1
DA:151,0
DA:152,0
DA:153,0
DA:154,0
DA:155,0
DA:156,0
DA:159,0
DA:164,1
LF:94
LH:31
BRDA:16,1,0,0
BRDA:16,1,1,1
BRDA:20,2,0,0
BRDA:20,2,1,1
BRDA:40,3,0,0
BRDA:40,3,1,0
BRDA:44,4,0,0
BRDA:44,4,1,0
BRDA:64,5,0,0
BRDA:64,5,1,0
BRDA:68,6,0,0
BRDA:68,6,1,0
BRDA:86,7,0,0
BRDA:86,7,1,1
BRDA:89,8,0,0
BRDA:89,8,1,1
BRDA:108,9,0,0
BRDA:108,9,1,1
BRDA:111,10,0,0
BRDA:111,10,1,1
BRDA:130,11,0,0
BRDA:130,11,1,1
BRDA:133,12,0,0
BRDA:133,12,1,1
BRF:24
BRH:8
end_of_record
TN:
SF:/Users/samhessenauer/Documents/Software/git/MatryxExplorer/api/controllers/gateway/ipfsCalls.js
FN:52,(anonymous_1)
FN:59,(anonymous_2)
FN:69,(anonymous_3)
FN:84,(anonymous_4)
FN:86,(anonymous_5)
FN:96,(anonymous_6)
FN:126,(anonymous_7)
FN:129,(anonymous_8)
FN:173,(anonymous_9)
FN:184,(anonymous_10)
FN:203,(anonymous_11)
FN:214,(anonymous_12)
FN:222,(anonymous_13)
FNF:13
FNH:0
FNDA:0,(anonymous_1)
FNDA:0,(anonymous_2)
FNDA:0,(anonymous_3)
FNDA:0,(anonymous_4)
FNDA:0,(anonymous_5)
FNDA:0,(anonymous_6)
FNDA:0,(anonymous_7)
FNDA:0,(anonymous_8)
FNDA:0,(anonymous_9)
FNDA:0,(anonymous_10)
FNDA:0,(anonymous_11)
FNDA:0,(anonymous_12)
FNDA:0,(anonymous_13)
DA:10,1
DA:11,1
DA:12,1
DA:13,1
DA:14,1
DA:15,1
DA:17,1
DA:18,1
DA:20,1
DA:22,1
DA:33,1
DA:38,1
DA:40,0
DA:44,0
DA:45,0
DA:46,0
DA:47,0
DA:52,1
DA:53,0
DA:54,0
DA:59,1
DA:60,0
DA:61,0
DA:62,0
DA:63,0
DA:64,0
DA:69,1
DA:70,0
DA:71,0
DA:72,0
DA:73,0
DA:75,0
DA:76,0
DA:78,0
DA:84,1
DA:85,0
DA:86,0
DA:87,0
DA:88,0
DA:90,0
DA:91,0
DA:96,1
DA:97,0
DA:98,0
DA:100,0
DA:101,0
DA:102,0
DA:104,0
DA:106,0
DA:107,0
DA:112,0
DA:113,0
DA:116,0
DA:117,0
DA:118,0
DA:120,0
DA:126,1
DA:127,0
DA:128,0
DA:129,0
DA:133,0
DA:134,0
DA:136,0
DA:138,0
DA:140,0
DA:141,0
DA:142,0
DA:144,0
DA:147,0
DA:149,0
DA:150,0
DA:151,0
DA:154,0
DA:155,0
DA:156,0
DA:157,0
DA:160,0
DA:163,0
DA:164,0
DA:168,0
DA:169,0
DA:171,0
DA:172,0
DA:174,0
DA:184,1
DA:185,0
DA:186,0
DA:187,0
DA:192,0
DA:193,0
DA:194,0
DA:203,1
DA:204,0
DA:205,0
DA:209,0
DA:210,0
DA:211,0
DA:212,0
DA:214,0
DA:215,0
DA:217,0
DA:218,0
DA:220,0
DA:221,0
DA:223,0
DA:272,1
LF:106
LH:21
BRDA:54,1,0,0
BRDA:54,1,1,0
BRDA:62,2,0,0
BRDA:62,2,1,0
BRDA:73,3,0,0
BRDA:73,3,1,0
BRDA:87,4,0,0
BRDA:87,4,1,0
BRDA:101,5,0,0
BRDA:101,5,1,0
BRDA:117,6,0,0
BRDA:117,6,1,0
BRDA:140,7,0,0
BRDA:140,7,1,0
BRDA:147,8,0,0
BRDA:147,8,1,0
BRDA:154,9,0,0
BRDA:154,9,1,0
BRDA:160,10,0,0
BRDA:160,10,1,0
BRDA:160,11,0,0
BRDA:160,11,1,0
BRDA:192,12,0,0
BRDA:192,12,1,0
BRF:24
BRH:0
end_of_record
TN:
SF:/Users/samhessenauer/Documents/Software/git/MatryxExplorer/api/routes/platform.js
FN:28,(anonymous_1)
FN:52,(anonymous_2)
FN:72,(anonymous_3)
FN:94,(anonymous_4)
FN:117,(anonymous_5)
FN:139,(anonymous_6)
FNF:6
FNH:0
FNDA:0,(anonymous_1)
FNDA:0,(anonymous_2)
FNDA:0,(anonymous_3)
FNDA:0,(anonymous_4)
FNDA:0,(anonymous_5)
FNDA:0,(anonymous_6)
DA:10,1
DA:11,1
DA:13,1
DA:15,1
DA:18,1
DA:19,0
DA:26,1
DA:27,0
DA:28,0
DA:29,0
DA:30,0
DA:31,0
DA:32,0
DA:37,0
DA:42,0
DA:43,0
DA:50,1
DA:51,0
DA:52,0
DA:53,0
DA:57,0
DA:62,0
DA:63,0
DA:70,1
DA:71,0
DA:72,0
DA:73,0
DA:77,0
DA:82,0
DA:83,0
DA:91,1
DA:92,0
DA:93,0
DA:94,0
DA:95,0
DA:100,0
DA:105,0
DA:106,0
DA:114,1
DA:115,0
DA:116,0
DA:117,0
DA:118,0
DA:122,0
DA:127,0
DA:128,0
DA:136,1
DA:137,0
DA:138,0
DA:139,0
DA:140,0
DA:144,0
DA:149,0
DA:150,0
DA:157,1
LF:55
LH:12
BRF:0
BRH:0
end_of_record
TN:
SF:/Users/samhessenauer/Documents/Software/git/MatryxExplorer/api/routes/tournaments.js
FN:19,(anonymous_1)
FN:36,(anonymous_2)
FN:55,(anonymous_3)
FN:72,(anonymous_4)
FN:76,(anonymous_5)
FN:86,(anonymous_6)
FN:90,(anonymous_7)
FN:119,(anonymous_8)
FN:140,(anonymous_9)
FN:161,(anonymous_10)
FN:182,(anonymous_11)
FN:212,(anonymous_12)
FN:215,(anonymous_13)
FN:242,(anonymous_14)
FN:263,(anonymous_15)
FN:279,(anonymous_16)
FNF:16
FNH:0
FNDA:0,(anonymous_1)
FNDA:0,(anonymous_2)
FNDA:0,(anonymous_3)
FNDA:0,(anonymous_4)
FNDA:0,(anonymous_5)
FNDA:0,(anonymous_6)
FNDA:0,(anonymous_7)
FNDA:0,(anonymous_8)
FNDA:0,(anonymous_9)
FNDA:0,(anonymous_10)
FNDA:0,(anonymous_11)
FNDA:0,(anonymous_12)
FNDA:0,(anonymous_13)
FNDA:0,(anonymous_14)
FNDA:0,(anonymous_15)
FNDA:0,(anonymous_16)
DA:8,1
DA:9,1
DA:10,1
DA:11,1
DA:12,1
DA:13,1
DA:14,1
DA:17,1
DA:18,0
DA:19,0
DA:20,0
DA:25,0
DA:26,0
DA:33,1
DA:34,0
DA:35,0
DA:36,0
DA:37,0
DA:38,0
DA:43,0
DA:44,0
DA:52,1
DA:53,0
DA:54,0
DA:55,0
DA:56,0
DA:57,0
DA:62,0
DA:63,0
DA:71,1
DA:72,0
DA:73,0
DA:77,0
DA:78,0
DA:85,1
DA:86,0
DA:87,0
DA:91,0
DA:92,0
DA:110,1
DA:111,0
DA:113,0
DA:114,0
DA:118,0
DA:119,0
DA:120,0
DA:125,0
DA:133,1
DA:134,0
DA:135,0
DA:136,0
DA:140,0
DA:141,0
DA:146,0
DA:154,1
DA:155,0
DA:156,0
DA:157,0
DA:161,0
DA:162,0
DA:166,0
DA:175,1
DA:176,0
DA:177,0
DA:178,0
DA:182,0
DA:183,0
DA:187,0
DA:194,1
DA:195,0
DA:196,0
DA:197,0
DA:198,0
DA:202,0
DA:212,0
DA:213,0
DA:214,0
DA:215,0
DA:216,0
DA:221,0
DA:226,0
DA:234,1
DA:235,0
DA:236,0
DA:237,0
DA:238,0
DA:242,0
DA:243,0
DA:248,0
DA:256,1
DA:257,0
DA:258,0
DA:259,0
DA:263,0
DA:264,0
DA:269,0
DA:277,1
DA:278,0
DA:279,0
DA:280,0
DA:284,0
DA:285,0
DA:337,1
LF:103
LH:21
BRDA:113,1,0,0
BRDA:113,1,1,0
BRDA:135,2,0,0
BRDA:135,2,1,0
BRDA:156,3,0,0
BRDA:156,3,1,0
BRDA:177,4,0,0
BRDA:177,4,1,0
BRDA:197,5,0,0
BRDA:197,5,1,0
BRDA:237,6,0,0
BRDA:237,6,1,0
BRDA:237,7,0,0
BRDA:237,7,1,0
BRDA:258,8,0,0
BRDA:258,8,1,0
BRF:16
BRH:0
end_of_record
TN:
SF:/Users/samhessenauer/Documents/Software/git/MatryxExplorer/config.js
FNF:0
FNH:0
DA:2,1
LF:1
LH:1
BRF:0
BRH:0
end_of_record
TN:
SF:/Users/samhessenauer/Documents/Software/git/MatryxExplorer/api/controllers/roundController.js
FN:18,(anonymous_1)
FN:41,(anonymous_2)
FN:53,(anonymous_3)
FNF:3
FNH:0
FNDA:0,(anonymous_1)
FNDA:0,(anonymous_2)
FNDA:0,(anonymous_3)
DA:12,1
DA:13,1
DA:14,1
DA:16,1
DA:18,1
DA:19,0
DA:20,0
DA:21,0
DA:22,0
DA:31,0
DA:35,0
DA:36,0
DA:39,0
DA:41,0
DA:42,0
DA:43,0
DA:44,0
DA:45,0
DA:46,0
DA:47,0
DA:48,0
DA:49,0
DA:50,0
DA:52,0
DA:54,0
DA:58,1
LF:26
LH:6
BRF:0
BRH:0
end_of_record
TN:
SF:/Users/samhessenauer/Documents/Software/git/MatryxExplorer/api/helpers/ethHelper.js
FN:17,(anonymous_1)
FN:37,(anonymous_2)
FNF:2
FNH:0
FNDA:0,(anonymous_1)
FNDA:0,(anonymous_2)
DA:8,1
DA:17,1
DA:18,0
DA:20,0
DA:21,0
DA:23,0
DA:26,0
DA:37,1
DA:39,0
DA:40,0
DA:41,0
DA:43,0
DA:44,0
DA:47,0
DA:50,1
LF:15
LH:4
BRDA:18,1,0,0
BRDA:18,1,1,0
BRDA:21,2,0,0
BRDA:21,2,1,0
BRDA:21,3,0,0
BRDA:21,3,1,0
BRDA:43,4,0,0
BRDA:43,4,1,0
BRDA:43,5,0,0
BRDA:43,5,1,0
BRDA:43,5,2,0
BRDA:43,5,3,0
BRF:12
BRH:0
end_of_record
TN:
SF:/Users/samhessenauer/Documents/Software/git/MatryxExplorer/api/routes/rounds.js
FN:29,(anonymous_1)
FN:48,(anonymous_2)
FN:73,(anonymous_3)
FNF:3
FNH:0
FNDA:0,(anonymous_1)
FNDA:0,(anonymous_2)
FNDA:0,(anonymous_3)
DA:8,1
DA:9,1
DA:11,1
DA:12,1
DA:13,1
DA:14,1
DA:16,1
DA:19,1
DA:20,0
DA:26,1
DA:27,0
DA:28,0
DA:29,0
DA:30,0
DA:31,0
DA:36,0
DA:37,0
DA:45,1
DA:46,0
DA:47,0
DA:48,0
DA:49,0
DA:50,0
DA:55,0
DA:56,0
DA:64,1
DA:65,0
DA:66,0
DA:67,0
DA:71,0
DA:72,0
DA:73,0
DA:74,0
DA:79,0
DA:88,1
DA:89,0
DA:90,0
DA:91,0
DA:92,0
DA:96,0
DA:97,0
DA:98,0
DA:102,0
DA:112,1
LF:44
LH:13
BRDA:66,1,0,0
BRDA:66,1,1,0
BRDA:91,2,0,0
BRDA:91,2,1,0
BRDA:97,3,0,0
BRDA:97,3,1,0
BRF:6
BRH:0
end_of_record
TN:
SF:/Users/samhessenauer/Documents/Software/git/MatryxExplorer/api/routes/submissions.js
FN:39,(anonymous_1)
FN:57,(anonymous_2)
FN:80,(anonymous_3)
FN:100,(anonymous_4)
FN:104,(anonymous_5)
FNF:5
FNH:0
FNDA:0,(anonymous_1)
FNDA:0,(anonymous_2)
FNDA:0,(anonymous_3)
FNDA:0,(anonymous_4)
FNDA:0,(anonymous_5)
DA:8,1
DA:9,1
DA:10,1
DA:11,1
DA:12,1
DA:13,1
DA:15,1
DA:16,1
DA:17,1
DA:18,1
DA:19,1
DA:21,1
DA:23,1
DA:24,1
DA:26,1
DA:29,1
DA:30,0
DA:36,1
DA:37,0
DA:38,0
DA:39,0
DA:40,0
DA:41,0
DA:46,0
DA:47,0
DA:54,1
DA:55,0
DA:56,0
DA:57,0
DA:58,0
DA:59,0
DA:64,0
DA:65,0
DA:73,1
DA:74,0
DA:75,0
DA:76,0
DA:80,0
DA:81,0
DA:85,0
DA:93,1
DA:94,0
DA:95,0
DA:96,0
DA:100,0
DA:101,0
DA:105,0
DA:147,1
LF:48
LH:21
BRDA:75,1,0,0
BRDA:75,1,1,0
BRDA:95,2,0,0
BRDA:95,2,1,0
BRF:4
BRH:0
end_of_record
TN:
SF:/Users/samhessenauer/Documents/Software/git/MatryxExplorer/api/controllers/submissionController.js
FN:17,(anonymous_1)
FN:19,(anonymous_2)
FN:27,(anonymous_3)
FN:30,(anonymous_4)
FN:39,(anonymous_5)
FN:42,(anonymous_6)
FN:51,(anonymous_7)
FN:92,(anonymous_8)
FN:111,(anonymous_9)
FN:117,(anonymous_10)
FN:120,(anonymous_11)
FNF:11
FNH:0
FNDA:0,(anonymous_1)
FNDA:0,(anonymous_2)
FNDA:0,(anonymous_3)
FNDA:0,(anonymous_4)
FNDA:0,(anonymous_5)
FNDA:0,(anonymous_6)
FNDA:0,(anonymous_7)
FNDA:0,(anonymous_8)
FNDA:0,(anonymous_9)
FNDA:0,(anonymous_10)
FNDA:0,(anonymous_11)
DA:11,1
DA:12,1
DA:13,1
DA:15,1
DA:17,1
DA:18,0
DA:19,0
DA:20,0
DA:22,0
DA:27,1
DA:28,0
DA:29,0
DA:30,0
DA:31,0
DA:32,0
DA:34,0
DA:39,1
DA:40,0
DA:41,0
DA:42,0
DA:43,0
DA:44,0
DA:46,0
DA:51,1
DA:52,0
DA:53,0
DA:54,0
DA:56,0
DA:71,0
DA:79,0
DA:80,0
DA:81,0
DA:82,0
DA:83,0
DA:84,0
DA:85,0
DA:88,0
DA:89,0
DA:92,0
DA:94,0
DA:95,0
DA:96,0
DA:97,0
DA:98,0
DA:99,0
DA:100,0
DA:101,0
DA:102,0
DA:103,0
DA:105,0
DA:106,0
DA:107,0
DA:110,0
DA:112,0
DA:117,1
DA:118,0
DA:119,0
DA:120,0
DA:121,0
DA:122,0
DA:124,0
DA:199,1
LF:62
LH:10
BRF:0
BRH:0
end_of_record
TN:
SF:/Users/samhessenauer/Documents/Software/git/MatryxExplorer/api/controllers/gateway/fileHandler.js
FN:11,(anonymous_1)
FN:14,(anonymous_2)
FNF:2
FNH:0
FNDA:0,(anonymous_1)
FNDA:0,(anonymous_2)
DA:8,1
DA:9,1
DA:11,1
DA:12,0
DA:14,0
DA:15,0
DA:17,0
DA:18,0
DA:19,0
DA:20,0
DA:23,0
DA:29,1
LF:12
LH:4
BRDA:15,1,0,0
BRDA:15,1,1,0
BRF:2
BRH:0
end_of_record
TN:
SF:/Users/samhessenauer/Documents/Software/git/MatryxExplorer/api/routes/activity.js
FN:16,(anonymous_1)
FNF:1
FNH:0
FNDA:0,(anonymous_1)
DA:8,1
DA:9,1
DA:12,1
DA:15,1
DA:16,0
DA:17,0
DA:23,1
LF:7
LH:5
BRF:0
BRH:0
end_of_record
TN:
SF:/Users/samhessenauer/Documents/Software/git/MatryxExplorer/api/routes/token.js
FNF:0
FNH:0
DA:8,1
DA:9,1
DA:11,1
DA:14,1
DA:15,0
DA:21,1
DA:22,0
DA:23,0
DA:27,0
DA:34,1
DA:35,0
DA:36,0
DA:40,0
DA:47,1
DA:48,0
DA:49,0
DA:54,0
DA:60,1
LF:18
LH:8
BRF:0
BRH:0
end_of_record
TN:
SF:/Users/samhessenauer/Documents/Software/git/MatryxExplorer/api/routes/ipfs.js
FN:34,(anonymous_1)
FN:48,(anonymous_2)
FN:53,(anonymous_3)
FN:68,(anonymous_4)
FN:72,(anonymous_5)
FN:103,(anonymous_6)
FN:107,(anonymous_7)
FN:111,(anonymous_8)
FN:115,(anonymous_9)
FN:124,(anonymous_10)
FN:125,(anonymous_11)
FN:130,(anonymous_12)
FN:137,(anonymous_13)
FN:146,(anonymous_14)
FN:153,(anonymous_15)
FNF:15
FNH:0
FNDA:0,(anonymous_1)
FNDA:0,(anonymous_2)
FNDA:0,(anonymous_3)
FNDA:0,(anonymous_4)
FNDA:0,(anonymous_5)
FNDA:0,(anonymous_6)
FNDA:0,(anonymous_7)
FNDA:0,(anonymous_8)
FNDA:0,(anonymous_9)
FNDA:0,(anonymous_10)
FNDA:0,(anonymous_11)
FNDA:0,(anonymous_12)
FNDA:0,(anonymous_13)
FNDA:0,(anonymous_14)
FNDA:0,(anonymous_15)
DA:8,1
DA:9,1
DA:10,1
DA:11,1
DA:12,1
DA:13,1
DA:14,1
DA:16,1
DA:17,1
DA:18,1
DA:19,1
DA:24,1
DA:25,0
DA:30,1
DA:31,0
DA:33,0
DA:34,0
DA:35,0
DA:38,0
DA:45,1
DA:46,0
DA:48,0
DA:49,0
DA:50,0
DA:54,0
DA:60,1
DA:61,0
DA:63,0
DA:64,0
DA:68,0
DA:69,0
DA:73,0
DA:91,1
DA:92,0
DA:96,0
DA:97,0
DA:99,0
DA:102,0
DA:105,0
DA:109,0
DA:112,0
DA:113,0
DA:117,0
DA:119,0
DA:124,0
DA:125,0
DA:126,0
DA:130,0
DA:132,0
DA:133,0
DA:134,0
DA:135,0
DA:137,0
DA:138,0
DA:142,0
DA:143,0
DA:144,0
DA:145,0
DA:146,0
DA:147,0
DA:153,0
DA:155,0
DA:161,0
DA:162,0
DA:163,0
DA:164,0
DA:168,0
DA:171,1
LF:68
LH:17
BRDA:63,1,0,0
BRDA:63,1,1,0
BRDA:126,2,0,0
BRDA:126,2,1,0
BRDA:132,3,0,0
BRDA:132,3,1,0
BRDA:142,4,0,0
BRDA:142,4,1,0
BRF:8
BRH:0
end_of_record
TN:
SF:/Users/samhessenauer/Documents/Software/git/MatryxExplorer/tempApi/platform.js
FNF:0
FNH:0
DA:8,1
DA:9,1
DA:12,1
DA:13,0
DA:19,1
LF:5
LH:4
BRF:0
BRH:0
end_of_record
TN:
SF:/Users/samhessenauer/Documents/Software/git/MatryxExplorer/tempApi/tournaments.js
FNF:0
FNH:0
DA:8,1
DA:9,1
DA:12,1
DA:13,0
DA:58,0
DA:67,1
DA:68,0
DA:69,0
DA:104,0
DA:111,1
DA:112,0
DA:113,0
DA:145,0
DA:152,1
DA:153,0
DA:154,0
DA:155,0
DA:193,0
DA:199,1
LF:19
LH:7
BRF:0
BRH:0
end_of_record
TN:
SF:/Users/samhessenauer/Documents/Software/git/MatryxExplorer/tempApi/rounds.js
FNF:0
FNH:0
DA:8,1
DA:9,1
DA:12,1
DA:13,0
DA:20,1
DA:21,0
DA:22,0
DA:49,0
DA:56,1
DA:57,0
DA:59,0
DA:84,0
DA:91,1
DA:92,0
DA:94,0
DA:119,0
DA:131,1
LF:17
LH:7
BRF:0
BRH:0
end_of_record
TN:
SF:/Users/samhessenauer/Documents/Software/git/MatryxExplorer/tempApi/activity.js
FNF:0
FNH:0
DA:8,1
DA:9,1
DA:12,1
DA:13,0
DA:33,0
DA:39,1
LF:6
LH:4
BRF:0
BRH:0
end_of_record
TN:
SF:/Users/samhessenauer/Documents/Software/git/MatryxExplorer/tempApi/submissions.js
FNF:0
FNH:0
DA:8,1
DA:9,1
DA:12,1
DA:13,0
DA:19,1
DA:20,0
DA:21,0
DA:57,0
DA:64,1
DA:65,0
DA:66,0
DA:102,0
DA:114,1
LF:13
LH:6
BRF:0
BRH:0
end_of_record
